[2023-05-04T22:47:44.973+0000] {taskinstance.py:1090} INFO - Dependencies all met for dep_context=non-requeueable deps ti=<TaskInstance: ml_pipeline.fetching_data manual__2023-05-04T22:47:39.273046+00:00 [queued]>
[2023-05-04T22:47:44.985+0000] {taskinstance.py:1090} INFO - Dependencies all met for dep_context=requeueable deps ti=<TaskInstance: ml_pipeline.fetching_data manual__2023-05-04T22:47:39.273046+00:00 [queued]>
[2023-05-04T22:47:44.986+0000] {taskinstance.py:1288} INFO - 
--------------------------------------------------------------------------------
[2023-05-04T22:47:44.996+0000] {taskinstance.py:1289} INFO - Starting attempt 1 of 1
[2023-05-04T22:47:44.997+0000] {taskinstance.py:1290} INFO - 
--------------------------------------------------------------------------------
[2023-05-04T22:47:45.037+0000] {taskinstance.py:1309} INFO - Executing <Task(PythonOperator): fetching_data> on 2023-05-04 22:47:39.273046+00:00
[2023-05-04T22:47:45.052+0000] {standard_task_runner.py:55} INFO - Started process 24018 to run task
[2023-05-04T22:47:45.060+0000] {standard_task_runner.py:82} INFO - Running: ['***', 'tasks', 'run', 'ml_pipeline', 'fetching_data', 'manual__2023-05-04T22:47:39.273046+00:00', '--job-id', '692', '--raw', '--subdir', 'DAGS_FOLDER/ml_pipeline.py', '--cfg-path', '/tmp/tmpiakv0b4l']
[2023-05-04T22:47:45.063+0000] {standard_task_runner.py:83} INFO - Job 692: Subtask fetching_data
[2023-05-04T22:47:45.147+0000] {task_command.py:389} INFO - Running <TaskInstance: ml_pipeline.fetching_data manual__2023-05-04T22:47:39.273046+00:00 [running]> on host ab75f0ddb6b9
[2023-05-04T22:47:45.377+0000] {taskinstance.py:1518} INFO - Exporting the following env vars:
AIRFLOW_CTX_DAG_EMAIL=nomadicsenseis@gmail.com
AIRFLOW_CTX_DAG_OWNER=Diego Rivera
AIRFLOW_CTX_DAG_ID=ml_pipeline
AIRFLOW_CTX_TASK_ID=fetching_data
AIRFLOW_CTX_EXECUTION_DATE=2023-05-04T22:47:39.273046+00:00
AIRFLOW_CTX_TRY_NUMBER=1
AIRFLOW_CTX_DAG_RUN_ID=manual__2023-05-04T22:47:39.273046+00:00
[2023-05-04T22:47:55.304+0000] {python.py:177} INFO - Done. Returned value was: None
[2023-05-04T22:47:55.316+0000] {taskinstance.py:1332} INFO - Marking task as SUCCESS. dag_id=ml_pipeline, task_id=fetching_data, execution_date=20230504T224739, start_date=20230504T224744, end_date=20230504T224755
[2023-05-04T22:47:55.443+0000] {local_task_job.py:212} INFO - Task exited with return code 0
[2023-05-04T22:47:55.486+0000] {taskinstance.py:2596} INFO - 2 downstream tasks scheduled from follow-on schedule check
