[2023-05-04T22:03:32.120+0000] {taskinstance.py:1090} INFO - Dependencies all met for dep_context=non-requeueable deps ti=<TaskInstance: ml_pipeline.preparing_data.saving_batch_data manual__2023-05-04T22:03:13.940561+00:00 [queued]>
[2023-05-04T22:03:32.133+0000] {taskinstance.py:1090} INFO - Dependencies all met for dep_context=requeueable deps ti=<TaskInstance: ml_pipeline.preparing_data.saving_batch_data manual__2023-05-04T22:03:13.940561+00:00 [queued]>
[2023-05-04T22:03:32.134+0000] {taskinstance.py:1288} INFO - 
--------------------------------------------------------------------------------
[2023-05-04T22:03:32.165+0000] {taskinstance.py:1289} INFO - Starting attempt 1 of 1
[2023-05-04T22:03:32.166+0000] {taskinstance.py:1290} INFO - 
--------------------------------------------------------------------------------
[2023-05-04T22:03:32.216+0000] {taskinstance.py:1309} INFO - Executing <Task(PythonOperator): preparing_data.saving_batch_data> on 2023-05-04 22:03:13.940561+00:00
[2023-05-04T22:03:32.223+0000] {standard_task_runner.py:55} INFO - Started process 22412 to run task
[2023-05-04T22:03:32.227+0000] {standard_task_runner.py:82} INFO - Running: ['***', 'tasks', 'run', 'ml_pipeline', 'preparing_data.saving_batch_data', 'manual__2023-05-04T22:03:13.940561+00:00', '--job-id', '673', '--raw', '--subdir', 'DAGS_FOLDER/ml_pipeline.py', '--cfg-path', '/tmp/tmpz7ril28q']
[2023-05-04T22:03:32.229+0000] {standard_task_runner.py:83} INFO - Job 673: Subtask preparing_data.saving_batch_data
[2023-05-04T22:03:32.477+0000] {task_command.py:389} INFO - Running <TaskInstance: ml_pipeline.preparing_data.saving_batch_data manual__2023-05-04T22:03:13.940561+00:00 [running]> on host ab75f0ddb6b9
[2023-05-04T22:03:32.619+0000] {taskinstance.py:1518} INFO - Exporting the following env vars:
AIRFLOW_CTX_DAG_EMAIL=nomadicsenseis@gmail.com
AIRFLOW_CTX_DAG_OWNER=Diego Rivera
AIRFLOW_CTX_DAG_ID=ml_pipeline
AIRFLOW_CTX_TASK_ID=preparing_data.saving_batch_data
AIRFLOW_CTX_EXECUTION_DATE=2023-05-04T22:03:13.940561+00:00
AIRFLOW_CTX_TRY_NUMBER=1
AIRFLOW_CTX_DAG_RUN_ID=manual__2023-05-04T22:03:13.940561+00:00
[2023-05-04T22:04:48.259+0000] {python.py:177} INFO - Done. Returned value was: None
[2023-05-04T22:04:48.309+0000] {taskinstance.py:1332} INFO - Marking task as SUCCESS. dag_id=ml_pipeline, task_id=preparing_data.saving_batch_data, execution_date=20230504T220313, start_date=20230504T220332, end_date=20230504T220448
[2023-05-04T22:04:48.419+0000] {local_task_job.py:212} INFO - Task exited with return code 0
[2023-05-04T22:04:48.459+0000] {taskinstance.py:2596} INFO - 2 downstream tasks scheduled from follow-on schedule check
