[2023-05-05T11:02:09.336+0000] {processor.py:153} INFO - Started process (PID=5682) to work on /opt/airflow/dags/ml_pipeline.py
[2023-05-05T11:02:09.338+0000] {processor.py:743} INFO - Processing file /opt/airflow/dags/ml_pipeline.py for tasks to queue
[2023-05-05T11:02:09.339+0000] {logging_mixin.py:137} INFO - [2023-05-05T11:02:09.339+0000] {dagbag.py:532} INFO - Filling up the DagBag from /opt/airflow/dags/ml_pipeline.py
[2023-05-05T11:02:10.902+0000] {processor.py:753} INFO - DAG(s) dict_keys(['ml_pipeline']) retrieved from /opt/airflow/dags/ml_pipeline.py
[2023-05-05T11:02:11.086+0000] {logging_mixin.py:137} INFO - [2023-05-05T11:02:11.085+0000] {dag.py:2705} INFO - Sync 1 DAGs
[2023-05-05T11:02:11.120+0000] {logging_mixin.py:137} INFO - [2023-05-05T11:02:11.120+0000] {dag.py:3456} INFO - Setting next_dagrun for ml_pipeline to 2023-05-05T00:00:00+00:00, run_after=2023-05-06T00:00:00+00:00
[2023-05-05T11:02:11.254+0000] {processor.py:175} INFO - Processing /opt/airflow/dags/ml_pipeline.py took 1.923 seconds
[2023-05-05T11:02:41.588+0000] {processor.py:153} INFO - Started process (PID=5696) to work on /opt/airflow/dags/ml_pipeline.py
[2023-05-05T11:02:41.590+0000] {processor.py:743} INFO - Processing file /opt/airflow/dags/ml_pipeline.py for tasks to queue
[2023-05-05T11:02:41.591+0000] {logging_mixin.py:137} INFO - [2023-05-05T11:02:41.591+0000] {dagbag.py:532} INFO - Filling up the DagBag from /opt/airflow/dags/ml_pipeline.py
[2023-05-05T11:02:43.413+0000] {processor.py:753} INFO - DAG(s) dict_keys(['ml_pipeline']) retrieved from /opt/airflow/dags/ml_pipeline.py
[2023-05-05T11:02:43.489+0000] {logging_mixin.py:137} INFO - [2023-05-05T11:02:43.488+0000] {dag.py:2705} INFO - Sync 1 DAGs
[2023-05-05T11:02:43.543+0000] {logging_mixin.py:137} INFO - [2023-05-05T11:02:43.543+0000] {dag.py:3456} INFO - Setting next_dagrun for ml_pipeline to 2023-05-05T00:00:00+00:00, run_after=2023-05-06T00:00:00+00:00
[2023-05-05T11:02:43.574+0000] {processor.py:175} INFO - Processing /opt/airflow/dags/ml_pipeline.py took 1.992 seconds
[2023-05-05T11:03:14.181+0000] {processor.py:153} INFO - Started process (PID=5716) to work on /opt/airflow/dags/ml_pipeline.py
[2023-05-05T11:03:14.183+0000] {processor.py:743} INFO - Processing file /opt/airflow/dags/ml_pipeline.py for tasks to queue
[2023-05-05T11:03:14.184+0000] {logging_mixin.py:137} INFO - [2023-05-05T11:03:14.184+0000] {dagbag.py:532} INFO - Filling up the DagBag from /opt/airflow/dags/ml_pipeline.py
[2023-05-05T11:03:15.230+0000] {processor.py:753} INFO - DAG(s) dict_keys(['ml_pipeline']) retrieved from /opt/airflow/dags/ml_pipeline.py
[2023-05-05T11:03:15.259+0000] {logging_mixin.py:137} INFO - [2023-05-05T11:03:15.258+0000] {dag.py:2705} INFO - Sync 1 DAGs
[2023-05-05T11:03:15.291+0000] {logging_mixin.py:137} INFO - [2023-05-05T11:03:15.291+0000] {dag.py:3456} INFO - Setting next_dagrun for ml_pipeline to 2023-05-05T00:00:00+00:00, run_after=2023-05-06T00:00:00+00:00
[2023-05-05T11:03:15.412+0000] {processor.py:175} INFO - Processing /opt/airflow/dags/ml_pipeline.py took 1.234 seconds
