[2023-05-04T23:02:47.331+0000] {taskinstance.py:1090} INFO - Dependencies all met for dep_context=non-requeueable deps ti=<TaskInstance: ml_pipeline.preparing_data.preprocessing manual__2023-05-04T23:02:29.565022+00:00 [queued]>
[2023-05-04T23:02:47.343+0000] {taskinstance.py:1090} INFO - Dependencies all met for dep_context=requeueable deps ti=<TaskInstance: ml_pipeline.preparing_data.preprocessing manual__2023-05-04T23:02:29.565022+00:00 [queued]>
[2023-05-04T23:02:47.344+0000] {taskinstance.py:1288} INFO - 
--------------------------------------------------------------------------------
[2023-05-04T23:02:47.371+0000] {taskinstance.py:1289} INFO - Starting attempt 1 of 1
[2023-05-04T23:02:47.371+0000] {taskinstance.py:1290} INFO - 
--------------------------------------------------------------------------------
[2023-05-04T23:02:47.394+0000] {taskinstance.py:1309} INFO - Executing <Task(PythonOperator): preparing_data.preprocessing> on 2023-05-04 23:02:29.565022+00:00
[2023-05-04T23:02:47.400+0000] {standard_task_runner.py:55} INFO - Started process 24598 to run task
[2023-05-04T23:02:47.405+0000] {standard_task_runner.py:82} INFO - Running: ['***', 'tasks', 'run', 'ml_pipeline', 'preparing_data.preprocessing', 'manual__2023-05-04T23:02:29.565022+00:00', '--job-id', '705', '--raw', '--subdir', 'DAGS_FOLDER/ml_pipeline.py', '--cfg-path', '/tmp/tmp7aek8m0m']
[2023-05-04T23:02:47.408+0000] {standard_task_runner.py:83} INFO - Job 705: Subtask preparing_data.preprocessing
[2023-05-04T23:02:47.492+0000] {task_command.py:389} INFO - Running <TaskInstance: ml_pipeline.preparing_data.preprocessing manual__2023-05-04T23:02:29.565022+00:00 [running]> on host ab75f0ddb6b9
[2023-05-04T23:02:47.618+0000] {taskinstance.py:1518} INFO - Exporting the following env vars:
AIRFLOW_CTX_DAG_EMAIL=nomadicsenseis@gmail.com
AIRFLOW_CTX_DAG_OWNER=Diego Rivera
AIRFLOW_CTX_DAG_ID=ml_pipeline
AIRFLOW_CTX_TASK_ID=preparing_data.preprocessing
AIRFLOW_CTX_EXECUTION_DATE=2023-05-04T23:02:29.565022+00:00
AIRFLOW_CTX_TRY_NUMBER=1
AIRFLOW_CTX_DAG_RUN_ID=manual__2023-05-04T23:02:29.565022+00:00
[2023-05-04T23:03:35.599+0000] {python.py:177} INFO - Done. Returned value was: None
[2023-05-04T23:03:35.614+0000] {taskinstance.py:1332} INFO - Marking task as SUCCESS. dag_id=ml_pipeline, task_id=preparing_data.preprocessing, execution_date=20230504T230229, start_date=20230504T230247, end_date=20230504T230335
[2023-05-04T23:03:35.653+0000] {local_task_job.py:212} INFO - Task exited with return code 0
[2023-05-04T23:03:35.705+0000] {taskinstance.py:2596} INFO - 0 downstream tasks scheduled from follow-on schedule check
