[2023-05-04T22:47:57.141+0000] {taskinstance.py:1090} INFO - Dependencies all met for dep_context=non-requeueable deps ti=<TaskInstance: ml_pipeline.preparing_data.saving_batch_data manual__2023-05-04T22:47:39.273046+00:00 [queued]>
[2023-05-04T22:47:57.154+0000] {taskinstance.py:1090} INFO - Dependencies all met for dep_context=requeueable deps ti=<TaskInstance: ml_pipeline.preparing_data.saving_batch_data manual__2023-05-04T22:47:39.273046+00:00 [queued]>
[2023-05-04T22:47:57.155+0000] {taskinstance.py:1288} INFO - 
--------------------------------------------------------------------------------
[2023-05-04T22:47:57.216+0000] {taskinstance.py:1289} INFO - Starting attempt 1 of 1
[2023-05-04T22:47:57.217+0000] {taskinstance.py:1290} INFO - 
--------------------------------------------------------------------------------
[2023-05-04T22:47:57.266+0000] {taskinstance.py:1309} INFO - Executing <Task(PythonOperator): preparing_data.saving_batch_data> on 2023-05-04 22:47:39.273046+00:00
[2023-05-04T22:47:57.301+0000] {standard_task_runner.py:55} INFO - Started process 24036 to run task
[2023-05-04T22:47:57.306+0000] {standard_task_runner.py:82} INFO - Running: ['***', 'tasks', 'run', 'ml_pipeline', 'preparing_data.saving_batch_data', 'manual__2023-05-04T22:47:39.273046+00:00', '--job-id', '694', '--raw', '--subdir', 'DAGS_FOLDER/ml_pipeline.py', '--cfg-path', '/tmp/tmpu0qq8c43']
[2023-05-04T22:47:57.309+0000] {standard_task_runner.py:83} INFO - Job 694: Subtask preparing_data.saving_batch_data
[2023-05-04T22:47:57.406+0000] {task_command.py:389} INFO - Running <TaskInstance: ml_pipeline.preparing_data.saving_batch_data manual__2023-05-04T22:47:39.273046+00:00 [running]> on host ab75f0ddb6b9
[2023-05-04T22:47:57.503+0000] {taskinstance.py:1518} INFO - Exporting the following env vars:
AIRFLOW_CTX_DAG_EMAIL=nomadicsenseis@gmail.com
AIRFLOW_CTX_DAG_OWNER=Diego Rivera
AIRFLOW_CTX_DAG_ID=ml_pipeline
AIRFLOW_CTX_TASK_ID=preparing_data.saving_batch_data
AIRFLOW_CTX_EXECUTION_DATE=2023-05-04T22:47:39.273046+00:00
AIRFLOW_CTX_TRY_NUMBER=1
AIRFLOW_CTX_DAG_RUN_ID=manual__2023-05-04T22:47:39.273046+00:00
[2023-05-04T22:49:14.752+0000] {python.py:177} INFO - Done. Returned value was: None
[2023-05-04T22:49:14.764+0000] {taskinstance.py:1332} INFO - Marking task as SUCCESS. dag_id=ml_pipeline, task_id=preparing_data.saving_batch_data, execution_date=20230504T224739, start_date=20230504T224757, end_date=20230504T224914
[2023-05-04T22:49:14.885+0000] {local_task_job.py:212} INFO - Task exited with return code 0
[2023-05-04T22:49:14.939+0000] {taskinstance.py:2596} INFO - 0 downstream tasks scheduled from follow-on schedule check
