[2023-05-04T21:50:36.945+0000] {taskinstance.py:1090} INFO - Dependencies all met for dep_context=non-requeueable deps ti=<TaskInstance: ml_pipeline.after_optuna.fitting_best_model manual__2023-05-04T20:27:04.995101+00:00 [queued]>
[2023-05-04T21:50:36.959+0000] {taskinstance.py:1090} INFO - Dependencies all met for dep_context=requeueable deps ti=<TaskInstance: ml_pipeline.after_optuna.fitting_best_model manual__2023-05-04T20:27:04.995101+00:00 [queued]>
[2023-05-04T21:50:36.960+0000] {taskinstance.py:1288} INFO - 
--------------------------------------------------------------------------------
[2023-05-04T21:50:36.961+0000] {taskinstance.py:1289} INFO - Starting attempt 1 of 1
[2023-05-04T21:50:36.961+0000] {taskinstance.py:1290} INFO - 
--------------------------------------------------------------------------------
[2023-05-04T21:50:36.984+0000] {taskinstance.py:1309} INFO - Executing <Task(PythonOperator): after_optuna.fitting_best_model> on 2023-05-04 20:27:04.995101+00:00
[2023-05-04T21:50:36.992+0000] {standard_task_runner.py:55} INFO - Started process 21907 to run task
[2023-05-04T21:50:36.995+0000] {standard_task_runner.py:82} INFO - Running: ['***', 'tasks', 'run', 'ml_pipeline', 'after_optuna.fitting_best_model', 'manual__2023-05-04T20:27:04.995101+00:00', '--job-id', '667', '--raw', '--subdir', 'DAGS_FOLDER/ml_pipeline.py', '--cfg-path', '/tmp/tmph4i_4oaj']
[2023-05-04T21:50:36.998+0000] {standard_task_runner.py:83} INFO - Job 667: Subtask after_optuna.fitting_best_model
[2023-05-04T21:50:37.081+0000] {task_command.py:389} INFO - Running <TaskInstance: ml_pipeline.after_optuna.fitting_best_model manual__2023-05-04T20:27:04.995101+00:00 [running]> on host ab75f0ddb6b9
[2023-05-04T21:50:37.183+0000] {taskinstance.py:1518} INFO - Exporting the following env vars:
AIRFLOW_CTX_DAG_EMAIL=nomadicsenseis@gmail.com
AIRFLOW_CTX_DAG_OWNER=Diego Rivera
AIRFLOW_CTX_DAG_ID=ml_pipeline
AIRFLOW_CTX_TASK_ID=after_optuna.fitting_best_model
AIRFLOW_CTX_EXECUTION_DATE=2023-05-04T20:27:04.995101+00:00
AIRFLOW_CTX_TRY_NUMBER=1
AIRFLOW_CTX_DAG_RUN_ID=manual__2023-05-04T20:27:04.995101+00:00
[2023-05-04T21:51:17.504+0000] {python.py:177} INFO - Done. Returned value was: None
[2023-05-04T21:51:17.518+0000] {taskinstance.py:1332} INFO - Marking task as SUCCESS. dag_id=ml_pipeline, task_id=after_optuna.fitting_best_model, execution_date=20230504T202704, start_date=20230504T215036, end_date=20230504T215117
[2023-05-04T21:51:17.578+0000] {local_task_job.py:212} INFO - Task exited with return code 0
[2023-05-04T21:51:17.602+0000] {taskinstance.py:2596} INFO - 0 downstream tasks scheduled from follow-on schedule check
