[2023-05-04T22:03:32.123+0000] {taskinstance.py:1090} INFO - Dependencies all met for dep_context=non-requeueable deps ti=<TaskInstance: ml_pipeline.preparing_data.preprocessing manual__2023-05-04T22:03:13.940561+00:00 [queued]>
[2023-05-04T22:03:32.135+0000] {taskinstance.py:1090} INFO - Dependencies all met for dep_context=requeueable deps ti=<TaskInstance: ml_pipeline.preparing_data.preprocessing manual__2023-05-04T22:03:13.940561+00:00 [queued]>
[2023-05-04T22:03:32.136+0000] {taskinstance.py:1288} INFO - 
--------------------------------------------------------------------------------
[2023-05-04T22:03:32.165+0000] {taskinstance.py:1289} INFO - Starting attempt 1 of 1
[2023-05-04T22:03:32.166+0000] {taskinstance.py:1290} INFO - 
--------------------------------------------------------------------------------
[2023-05-04T22:03:32.213+0000] {taskinstance.py:1309} INFO - Executing <Task(PythonOperator): preparing_data.preprocessing> on 2023-05-04 22:03:13.940561+00:00
[2023-05-04T22:03:32.219+0000] {standard_task_runner.py:55} INFO - Started process 22411 to run task
[2023-05-04T22:03:32.223+0000] {standard_task_runner.py:82} INFO - Running: ['***', 'tasks', 'run', 'ml_pipeline', 'preparing_data.preprocessing', 'manual__2023-05-04T22:03:13.940561+00:00', '--job-id', '674', '--raw', '--subdir', 'DAGS_FOLDER/ml_pipeline.py', '--cfg-path', '/tmp/tmpg_3exnsa']
[2023-05-04T22:03:32.225+0000] {standard_task_runner.py:83} INFO - Job 674: Subtask preparing_data.preprocessing
[2023-05-04T22:03:32.456+0000] {task_command.py:389} INFO - Running <TaskInstance: ml_pipeline.preparing_data.preprocessing manual__2023-05-04T22:03:13.940561+00:00 [running]> on host ab75f0ddb6b9
[2023-05-04T22:03:32.591+0000] {taskinstance.py:1518} INFO - Exporting the following env vars:
AIRFLOW_CTX_DAG_EMAIL=nomadicsenseis@gmail.com
AIRFLOW_CTX_DAG_OWNER=Diego Rivera
AIRFLOW_CTX_DAG_ID=ml_pipeline
AIRFLOW_CTX_TASK_ID=preparing_data.preprocessing
AIRFLOW_CTX_EXECUTION_DATE=2023-05-04T22:03:13.940561+00:00
AIRFLOW_CTX_TRY_NUMBER=1
AIRFLOW_CTX_DAG_RUN_ID=manual__2023-05-04T22:03:13.940561+00:00
[2023-05-04T22:04:27.716+0000] {python.py:177} INFO - Done. Returned value was: None
[2023-05-04T22:04:27.800+0000] {taskinstance.py:1332} INFO - Marking task as SUCCESS. dag_id=ml_pipeline, task_id=preparing_data.preprocessing, execution_date=20230504T220313, start_date=20230504T220332, end_date=20230504T220427
[2023-05-04T22:04:27.994+0000] {local_task_job.py:212} INFO - Task exited with return code 0
[2023-05-04T22:04:28.041+0000] {taskinstance.py:2596} INFO - 0 downstream tasks scheduled from follow-on schedule check
