[2023-05-04T23:19:14.852+0000] {taskinstance.py:1090} INFO - Dependencies all met for dep_context=non-requeueable deps ti=<TaskInstance: ml_pipeline.creating_storage_structures.creating_experiment_tracking_table manual__2023-05-04T23:19:12.756362+00:00 [queued]>
[2023-05-04T23:19:14.864+0000] {taskinstance.py:1090} INFO - Dependencies all met for dep_context=requeueable deps ti=<TaskInstance: ml_pipeline.creating_storage_structures.creating_experiment_tracking_table manual__2023-05-04T23:19:12.756362+00:00 [queued]>
[2023-05-04T23:19:14.881+0000] {taskinstance.py:1288} INFO - 
--------------------------------------------------------------------------------
[2023-05-04T23:19:14.881+0000] {taskinstance.py:1289} INFO - Starting attempt 1 of 1
[2023-05-04T23:19:14.882+0000] {taskinstance.py:1290} INFO - 
--------------------------------------------------------------------------------
[2023-05-04T23:19:14.904+0000] {taskinstance.py:1309} INFO - Executing <Task(PostgresOperator): creating_storage_structures.creating_experiment_tracking_table> on 2023-05-04 23:19:12.756362+00:00
[2023-05-04T23:19:14.910+0000] {standard_task_runner.py:55} INFO - Started process 25209 to run task
[2023-05-04T23:19:14.914+0000] {standard_task_runner.py:82} INFO - Running: ['***', 'tasks', 'run', 'ml_pipeline', 'creating_storage_structures.creating_experiment_tracking_table', 'manual__2023-05-04T23:19:12.756362+00:00', '--job-id', '721', '--raw', '--subdir', 'DAGS_FOLDER/ml_pipeline.py', '--cfg-path', '/tmp/tmp0kitne7z']
[2023-05-04T23:19:14.916+0000] {standard_task_runner.py:83} INFO - Job 721: Subtask creating_storage_structures.creating_experiment_tracking_table
[2023-05-04T23:19:15.002+0000] {task_command.py:389} INFO - Running <TaskInstance: ml_pipeline.creating_storage_structures.creating_experiment_tracking_table manual__2023-05-04T23:19:12.756362+00:00 [running]> on host ab75f0ddb6b9
[2023-05-04T23:19:15.107+0000] {taskinstance.py:1518} INFO - Exporting the following env vars:
AIRFLOW_CTX_DAG_EMAIL=nomadicsenseis@gmail.com
AIRFLOW_CTX_DAG_OWNER=Diego Rivera
AIRFLOW_CTX_DAG_ID=ml_pipeline
AIRFLOW_CTX_TASK_ID=creating_storage_structures.creating_experiment_tracking_table
AIRFLOW_CTX_EXECUTION_DATE=2023-05-04T23:19:12.756362+00:00
AIRFLOW_CTX_TRY_NUMBER=1
AIRFLOW_CTX_DAG_RUN_ID=manual__2023-05-04T23:19:12.756362+00:00
[2023-05-04T23:19:15.108+0000] {sql.py:254} INFO - Executing: CREATE TABLE IF NOT EXISTS experiments (
    experiment_id SERIAL PRIMARY KEY,
    experiment_datetime VARCHAR NOT NULL,
    best_accuracy NUMERIC NOT NULL,
    best_xgb_n_estimators INTEGER NOT NULL,
    best_xgb_max_depth INTEGER NOT NULL,
    best_xgb_min_child_weight INTEGER NOT NULL,
    best_xgb_gamma NUMERIC NOT NULL,
    best_xgb_learning_rate NUMERIC NOT NULL,
    best_xgb_subsample NUMERIC NOT NULL,
    best_xgb_colsample_bytree NUMERIC NOT NULL,
    best_xgb_reg_alpha NUMERIC NOT NULL,
    best_xgb_reg_lambda NUMERIC NOT NULL
);
[2023-05-04T23:19:15.119+0000] {base.py:73} INFO - Using connection ID 'postgres_default' for task execution.
[2023-05-04T23:19:15.546+0000] {base.py:73} INFO - Using connection ID 'postgres_default' for task execution.
[2023-05-04T23:19:15.710+0000] {sql.py:375} INFO - Running statement: CREATE TABLE IF NOT EXISTS experiments (
    experiment_id SERIAL PRIMARY KEY,
    experiment_datetime VARCHAR NOT NULL,
    best_accuracy NUMERIC NOT NULL,
    best_xgb_n_estimators INTEGER NOT NULL,
    best_xgb_max_depth INTEGER NOT NULL,
    best_xgb_min_child_weight INTEGER NOT NULL,
    best_xgb_gamma NUMERIC NOT NULL,
    best_xgb_learning_rate NUMERIC NOT NULL,
    best_xgb_subsample NUMERIC NOT NULL,
    best_xgb_colsample_bytree NUMERIC NOT NULL,
    best_xgb_reg_alpha NUMERIC NOT NULL,
    best_xgb_reg_lambda NUMERIC NOT NULL
);, parameters: None
[2023-05-04T23:19:15.821+0000] {taskinstance.py:1332} INFO - Marking task as SUCCESS. dag_id=ml_pipeline, task_id=creating_storage_structures.creating_experiment_tracking_table, execution_date=20230504T231912, start_date=20230504T231914, end_date=20230504T231915
[2023-05-04T23:19:15.889+0000] {local_task_job.py:212} INFO - Task exited with return code 0
[2023-05-04T23:19:15.941+0000] {taskinstance.py:2596} INFO - 1 downstream tasks scheduled from follow-on schedule check
