[2023-05-04T23:19:30.453+0000] {taskinstance.py:1090} INFO - Dependencies all met for dep_context=non-requeueable deps ti=<TaskInstance: ml_pipeline.preparing_data.saving_batch_data manual__2023-05-04T23:19:12.756362+00:00 [queued]>
[2023-05-04T23:19:30.467+0000] {taskinstance.py:1090} INFO - Dependencies all met for dep_context=requeueable deps ti=<TaskInstance: ml_pipeline.preparing_data.saving_batch_data manual__2023-05-04T23:19:12.756362+00:00 [queued]>
[2023-05-04T23:19:30.467+0000] {taskinstance.py:1288} INFO - 
--------------------------------------------------------------------------------
[2023-05-04T23:19:30.468+0000] {taskinstance.py:1289} INFO - Starting attempt 1 of 1
[2023-05-04T23:19:30.468+0000] {taskinstance.py:1290} INFO - 
--------------------------------------------------------------------------------
[2023-05-04T23:19:30.490+0000] {taskinstance.py:1309} INFO - Executing <Task(PythonOperator): preparing_data.saving_batch_data> on 2023-05-04 23:19:12.756362+00:00
[2023-05-04T23:19:30.498+0000] {standard_task_runner.py:55} INFO - Started process 25222 to run task
[2023-05-04T23:19:30.502+0000] {standard_task_runner.py:82} INFO - Running: ['***', 'tasks', 'run', 'ml_pipeline', 'preparing_data.saving_batch_data', 'manual__2023-05-04T23:19:12.756362+00:00', '--job-id', '724', '--raw', '--subdir', 'DAGS_FOLDER/ml_pipeline.py', '--cfg-path', '/tmp/tmp93q8y54j']
[2023-05-04T23:19:30.504+0000] {standard_task_runner.py:83} INFO - Job 724: Subtask preparing_data.saving_batch_data
[2023-05-04T23:19:30.592+0000] {task_command.py:389} INFO - Running <TaskInstance: ml_pipeline.preparing_data.saving_batch_data manual__2023-05-04T23:19:12.756362+00:00 [running]> on host ab75f0ddb6b9
[2023-05-04T23:19:30.741+0000] {taskinstance.py:1518} INFO - Exporting the following env vars:
AIRFLOW_CTX_DAG_EMAIL=nomadicsenseis@gmail.com
AIRFLOW_CTX_DAG_OWNER=Diego Rivera
AIRFLOW_CTX_DAG_ID=ml_pipeline
AIRFLOW_CTX_TASK_ID=preparing_data.saving_batch_data
AIRFLOW_CTX_EXECUTION_DATE=2023-05-04T23:19:12.756362+00:00
AIRFLOW_CTX_TRY_NUMBER=1
AIRFLOW_CTX_DAG_RUN_ID=manual__2023-05-04T23:19:12.756362+00:00
[2023-05-04T23:20:38.020+0000] {python.py:177} INFO - Done. Returned value was: None
[2023-05-04T23:20:38.033+0000] {taskinstance.py:1332} INFO - Marking task as SUCCESS. dag_id=ml_pipeline, task_id=preparing_data.saving_batch_data, execution_date=20230504T231912, start_date=20230504T231930, end_date=20230504T232038
[2023-05-04T23:20:38.254+0000] {local_task_job.py:212} INFO - Task exited with return code 0
[2023-05-04T23:20:38.304+0000] {taskinstance.py:2596} INFO - 2 downstream tasks scheduled from follow-on schedule check
