[2023-05-04T23:28:40.041+0000] {taskinstance.py:1090} INFO - Dependencies all met for dep_context=non-requeueable deps ti=<TaskInstance: ml_pipeline.selecting_features manual__2023-05-04T23:19:12.756362+00:00 [queued]>
[2023-05-04T23:28:40.056+0000] {taskinstance.py:1090} INFO - Dependencies all met for dep_context=requeueable deps ti=<TaskInstance: ml_pipeline.selecting_features manual__2023-05-04T23:19:12.756362+00:00 [queued]>
[2023-05-04T23:28:40.057+0000] {taskinstance.py:1288} INFO - 
--------------------------------------------------------------------------------
[2023-05-04T23:28:40.064+0000] {taskinstance.py:1289} INFO - Starting attempt 1 of 1
[2023-05-04T23:28:40.065+0000] {taskinstance.py:1290} INFO - 
--------------------------------------------------------------------------------
[2023-05-04T23:28:40.089+0000] {taskinstance.py:1309} INFO - Executing <Task(PythonOperator): selecting_features> on 2023-05-04 23:19:12.756362+00:00
[2023-05-04T23:28:40.097+0000] {standard_task_runner.py:55} INFO - Started process 25514 to run task
[2023-05-04T23:28:40.101+0000] {standard_task_runner.py:82} INFO - Running: ['***', 'tasks', 'run', 'ml_pipeline', 'selecting_features', 'manual__2023-05-04T23:19:12.756362+00:00', '--job-id', '731', '--raw', '--subdir', 'DAGS_FOLDER/ml_pipeline.py', '--cfg-path', '/tmp/tmpzymonf_3']
[2023-05-04T23:28:40.103+0000] {standard_task_runner.py:83} INFO - Job 731: Subtask selecting_features
[2023-05-04T23:28:40.198+0000] {task_command.py:389} INFO - Running <TaskInstance: ml_pipeline.selecting_features manual__2023-05-04T23:19:12.756362+00:00 [running]> on host ab75f0ddb6b9
[2023-05-04T23:28:40.295+0000] {taskinstance.py:1518} INFO - Exporting the following env vars:
AIRFLOW_CTX_DAG_EMAIL=nomadicsenseis@gmail.com
AIRFLOW_CTX_DAG_OWNER=Diego Rivera
AIRFLOW_CTX_DAG_ID=ml_pipeline
AIRFLOW_CTX_TASK_ID=selecting_features
AIRFLOW_CTX_EXECUTION_DATE=2023-05-04T23:19:12.756362+00:00
AIRFLOW_CTX_TRY_NUMBER=1
AIRFLOW_CTX_DAG_RUN_ID=manual__2023-05-04T23:19:12.756362+00:00
[2023-05-04T23:28:44.449+0000] {python.py:177} INFO - Done. Returned value was: None
[2023-05-04T23:28:44.475+0000] {taskinstance.py:1332} INFO - Marking task as SUCCESS. dag_id=ml_pipeline, task_id=selecting_features, execution_date=20230504T231912, start_date=20230504T232840, end_date=20230504T232844
[2023-05-04T23:28:44.536+0000] {local_task_job.py:212} INFO - Task exited with return code 0
[2023-05-04T23:28:44.576+0000] {taskinstance.py:2596} INFO - 1 downstream tasks scheduled from follow-on schedule check
