[2023-05-04T20:27:10.790+0000] {taskinstance.py:1090} INFO - Dependencies all met for dep_context=non-requeueable deps ti=<TaskInstance: ml_pipeline.fetching_data manual__2023-05-04T20:27:04.995101+00:00 [queued]>
[2023-05-04T20:27:10.808+0000] {taskinstance.py:1090} INFO - Dependencies all met for dep_context=requeueable deps ti=<TaskInstance: ml_pipeline.fetching_data manual__2023-05-04T20:27:04.995101+00:00 [queued]>
[2023-05-04T20:27:10.809+0000] {taskinstance.py:1288} INFO - 
--------------------------------------------------------------------------------
[2023-05-04T20:27:10.876+0000] {taskinstance.py:1289} INFO - Starting attempt 1 of 1
[2023-05-04T20:27:10.878+0000] {taskinstance.py:1290} INFO - 
--------------------------------------------------------------------------------
[2023-05-04T20:27:10.932+0000] {taskinstance.py:1309} INFO - Executing <Task(PythonOperator): fetching_data> on 2023-05-04 20:27:04.995101+00:00
[2023-05-04T20:27:10.942+0000] {standard_task_runner.py:55} INFO - Started process 18939 to run task
[2023-05-04T20:27:10.950+0000] {standard_task_runner.py:82} INFO - Running: ['***', 'tasks', 'run', 'ml_pipeline', 'fetching_data', 'manual__2023-05-04T20:27:04.995101+00:00', '--job-id', '661', '--raw', '--subdir', 'DAGS_FOLDER/ml_pipeline.py', '--cfg-path', '/tmp/tmpxixs68fx']
[2023-05-04T20:27:10.953+0000] {standard_task_runner.py:83} INFO - Job 661: Subtask fetching_data
[2023-05-04T20:27:11.063+0000] {task_command.py:389} INFO - Running <TaskInstance: ml_pipeline.fetching_data manual__2023-05-04T20:27:04.995101+00:00 [running]> on host ab75f0ddb6b9
[2023-05-04T20:27:11.305+0000] {taskinstance.py:1518} INFO - Exporting the following env vars:
AIRFLOW_CTX_DAG_EMAIL=nomadicsenseis@gmail.com
AIRFLOW_CTX_DAG_OWNER=Diego Rivera
AIRFLOW_CTX_DAG_ID=ml_pipeline
AIRFLOW_CTX_TASK_ID=fetching_data
AIRFLOW_CTX_EXECUTION_DATE=2023-05-04T20:27:04.995101+00:00
AIRFLOW_CTX_TRY_NUMBER=1
AIRFLOW_CTX_DAG_RUN_ID=manual__2023-05-04T20:27:04.995101+00:00
[2023-05-04T20:27:20.989+0000] {python.py:177} INFO - Done. Returned value was: None
[2023-05-04T20:27:21.001+0000] {taskinstance.py:1332} INFO - Marking task as SUCCESS. dag_id=ml_pipeline, task_id=fetching_data, execution_date=20230504T202704, start_date=20230504T202710, end_date=20230504T202721
[2023-05-04T20:27:21.109+0000] {local_task_job.py:212} INFO - Task exited with return code 0
[2023-05-04T20:27:21.150+0000] {taskinstance.py:2596} INFO - 2 downstream tasks scheduled from follow-on schedule check
