[2023-05-04T22:19:36.660+0000] {taskinstance.py:1090} INFO - Dependencies all met for dep_context=non-requeueable deps ti=<TaskInstance: ml_pipeline.hyperparam_tuning manual__2023-05-04T22:03:13.940561+00:00 [queued]>
[2023-05-04T22:19:36.672+0000] {taskinstance.py:1090} INFO - Dependencies all met for dep_context=requeueable deps ti=<TaskInstance: ml_pipeline.hyperparam_tuning manual__2023-05-04T22:03:13.940561+00:00 [queued]>
[2023-05-04T22:19:36.673+0000] {taskinstance.py:1288} INFO - 
--------------------------------------------------------------------------------
[2023-05-04T22:19:36.736+0000] {taskinstance.py:1289} INFO - Starting attempt 1 of 1
[2023-05-04T22:19:36.737+0000] {taskinstance.py:1290} INFO - 
--------------------------------------------------------------------------------
[2023-05-04T22:19:36.764+0000] {taskinstance.py:1309} INFO - Executing <Task(PythonOperator): hyperparam_tuning> on 2023-05-04 22:03:13.940561+00:00
[2023-05-04T22:19:36.771+0000] {standard_task_runner.py:55} INFO - Started process 22978 to run task
[2023-05-04T22:19:36.775+0000] {standard_task_runner.py:82} INFO - Running: ['***', 'tasks', 'run', 'ml_pipeline', 'hyperparam_tuning', 'manual__2023-05-04T22:03:13.940561+00:00', '--job-id', '677', '--raw', '--subdir', 'DAGS_FOLDER/ml_pipeline.py', '--cfg-path', '/tmp/tmpodsv4o3x']
[2023-05-04T22:19:36.777+0000] {standard_task_runner.py:83} INFO - Job 677: Subtask hyperparam_tuning
[2023-05-04T22:19:36.858+0000] {task_command.py:389} INFO - Running <TaskInstance: ml_pipeline.hyperparam_tuning manual__2023-05-04T22:03:13.940561+00:00 [running]> on host ab75f0ddb6b9
[2023-05-04T22:19:37.999+0000] {taskinstance.py:1518} INFO - Exporting the following env vars:
AIRFLOW_CTX_DAG_EMAIL=nomadicsenseis@gmail.com
AIRFLOW_CTX_DAG_OWNER=Diego Rivera
AIRFLOW_CTX_DAG_ID=ml_pipeline
AIRFLOW_CTX_TASK_ID=hyperparam_tuning
AIRFLOW_CTX_EXECUTION_DATE=2023-05-04T22:03:13.940561+00:00
AIRFLOW_CTX_TRY_NUMBER=1
AIRFLOW_CTX_DAG_RUN_ID=manual__2023-05-04T22:03:13.940561+00:00
[2023-05-04T22:19:37.737+0000] {logging_mixin.py:137} WARNING - /opt/***/dags/utils/experiment.py:22 FutureWarning: suggest_loguniform has been deprecated in v3.0.0. This feature will be removed in v6.0.0. See https://github.com/optuna/optuna/releases/tag/v3.0.0. Use :func:`~optuna.trial.Trial.suggest_float` instead.
[2023-05-04T22:19:38.287+0000] {logging_mixin.py:137} WARNING - /home/***/.local/lib/python3.7/site-packages/xgboost/sklearn.py:797 UserWarning: `early_stopping_rounds` in `fit` method is deprecated for better compatibility with scikit-learn, use `early_stopping_rounds` in constructor or`set_params` instead.
[2023-05-04T22:20:25.492+0000] {taskinstance.py:1776} ERROR - Task failed with exception
Traceback (most recent call last):
  File "/home/airflow/.local/lib/python3.7/site-packages/airflow/operators/python.py", line 175, in execute
    return_value = self.execute_callable()
  File "/home/airflow/.local/lib/python3.7/site-packages/airflow/operators/python.py", line 192, in execute_callable
    return self.python_callable(*self.op_args, **self.op_kwargs)
  File "/opt/airflow/dags/utils/experiment.py", line 50, in experiment
    study.optimize(objective, n_trials=20)
  File "/home/airflow/.local/lib/python3.7/site-packages/optuna/study/study.py", line 434, in optimize
    show_progress_bar=show_progress_bar,
  File "/home/airflow/.local/lib/python3.7/site-packages/optuna/study/_optimize.py", line 76, in _optimize
    progress_bar=progress_bar,
  File "/home/airflow/.local/lib/python3.7/site-packages/optuna/study/_optimize.py", line 163, in _optimize_sequential
    frozen_trial = _run_trial(study, func, catch)
  File "/home/airflow/.local/lib/python3.7/site-packages/optuna/study/_optimize.py", line 251, in _run_trial
    raise func_err
  File "/home/airflow/.local/lib/python3.7/site-packages/optuna/study/_optimize.py", line 200, in _run_trial
    value_or_values = func(trial)
  File "/opt/airflow/dags/utils/experiment.py", line 38, in objective
    error = model.evals_result()['validation_0']['error'][-1]
KeyError: 'error'
[2023-05-04T22:20:25.552+0000] {taskinstance.py:1332} INFO - Marking task as FAILED. dag_id=ml_pipeline, task_id=hyperparam_tuning, execution_date=20230504T220313, start_date=20230504T221936, end_date=20230504T222025
[2023-05-04T22:20:25.606+0000] {standard_task_runner.py:105} ERROR - Failed to execute job 677 for task hyperparam_tuning ('error'; 22978)
[2023-05-04T22:20:25.671+0000] {local_task_job.py:212} INFO - Task exited with return code 1
[2023-05-04T22:20:25.705+0000] {taskinstance.py:2596} INFO - 0 downstream tasks scheduled from follow-on schedule check
