[2023-05-04T20:44:25.442+0000] {taskinstance.py:1090} INFO - Dependencies all met for dep_context=non-requeueable deps ti=<TaskInstance: ml_pipeline.hyperparam_tuning manual__2023-05-04T20:27:04.995101+00:00 [queued]>
[2023-05-04T20:44:25.459+0000] {taskinstance.py:1090} INFO - Dependencies all met for dep_context=requeueable deps ti=<TaskInstance: ml_pipeline.hyperparam_tuning manual__2023-05-04T20:27:04.995101+00:00 [queued]>
[2023-05-04T20:44:25.460+0000] {taskinstance.py:1288} INFO - 
--------------------------------------------------------------------------------
[2023-05-04T20:44:25.477+0000] {taskinstance.py:1289} INFO - Starting attempt 1 of 1
[2023-05-04T20:44:25.478+0000] {taskinstance.py:1290} INFO - 
--------------------------------------------------------------------------------
[2023-05-04T20:44:25.502+0000] {taskinstance.py:1309} INFO - Executing <Task(PythonOperator): hyperparam_tuning> on 2023-05-04 20:27:04.995101+00:00
[2023-05-04T20:44:25.511+0000] {standard_task_runner.py:55} INFO - Started process 19537 to run task
[2023-05-04T20:44:25.516+0000] {standard_task_runner.py:82} INFO - Running: ['***', 'tasks', 'run', 'ml_pipeline', 'hyperparam_tuning', 'manual__2023-05-04T20:27:04.995101+00:00', '--job-id', '666', '--raw', '--subdir', 'DAGS_FOLDER/ml_pipeline.py', '--cfg-path', '/tmp/tmpvfakmeh9']
[2023-05-04T20:44:25.519+0000] {standard_task_runner.py:83} INFO - Job 666: Subtask hyperparam_tuning
[2023-05-04T20:44:25.623+0000] {task_command.py:389} INFO - Running <TaskInstance: ml_pipeline.hyperparam_tuning manual__2023-05-04T20:27:04.995101+00:00 [running]> on host ab75f0ddb6b9
[2023-05-04T20:44:25.768+0000] {taskinstance.py:1518} INFO - Exporting the following env vars:
AIRFLOW_CTX_DAG_EMAIL=nomadicsenseis@gmail.com
AIRFLOW_CTX_DAG_OWNER=Diego Rivera
AIRFLOW_CTX_DAG_ID=ml_pipeline
AIRFLOW_CTX_TASK_ID=hyperparam_tuning
AIRFLOW_CTX_EXECUTION_DATE=2023-05-04T20:27:04.995101+00:00
AIRFLOW_CTX_TRY_NUMBER=1
AIRFLOW_CTX_DAG_RUN_ID=manual__2023-05-04T20:27:04.995101+00:00
[2023-05-04T20:44:26.568+0000] {logging_mixin.py:137} WARNING - /opt/***/dags/utils/experiment.py:22 FutureWarning: suggest_loguniform has been deprecated in v3.0.0. This feature will be removed in v6.0.0. See https://github.com/optuna/optuna/releases/tag/v3.0.0. Use :func:`~optuna.trial.Trial.suggest_float` instead.
[2023-05-04T20:44:27.423+0000] {logging_mixin.py:137} WARNING - /home/***/.local/lib/python3.7/site-packages/xgboost/sklearn.py:797 UserWarning: `early_stopping_rounds` in `fit` method is deprecated for better compatibility with scikit-learn, use `early_stopping_rounds` in constructor or`set_params` instead.
[2023-05-04T21:50:35.177+0000] {python.py:177} INFO - Done. Returned value was: None
[2023-05-04T21:50:35.225+0000] {taskinstance.py:1332} INFO - Marking task as SUCCESS. dag_id=ml_pipeline, task_id=hyperparam_tuning, execution_date=20230504T202704, start_date=20230504T204425, end_date=20230504T215035
[2023-05-04T21:50:35.322+0000] {local_task_job.py:212} INFO - Task exited with return code 0
[2023-05-04T21:50:35.367+0000] {taskinstance.py:2596} INFO - 0 downstream tasks scheduled from follow-on schedule check
