[2023-05-05T00:00:01.477+0000] {taskinstance.py:1090} INFO - Dependencies all met for dep_context=non-requeueable deps ti=<TaskInstance: prediction_pipeline.fetching_data scheduled__2023-05-04T00:00:00+00:00 [queued]>
[2023-05-05T00:00:01.489+0000] {taskinstance.py:1090} INFO - Dependencies all met for dep_context=requeueable deps ti=<TaskInstance: prediction_pipeline.fetching_data scheduled__2023-05-04T00:00:00+00:00 [queued]>
[2023-05-05T00:00:01.490+0000] {taskinstance.py:1288} INFO - 
--------------------------------------------------------------------------------
[2023-05-05T00:00:01.503+0000] {taskinstance.py:1289} INFO - Starting attempt 1 of 1
[2023-05-05T00:00:01.503+0000] {taskinstance.py:1290} INFO - 
--------------------------------------------------------------------------------
[2023-05-05T00:00:01.529+0000] {taskinstance.py:1309} INFO - Executing <Task(PythonOperator): fetching_data> on 2023-05-04 00:00:00+00:00
[2023-05-05T00:00:01.535+0000] {standard_task_runner.py:55} INFO - Started process 26689 to run task
[2023-05-05T00:00:01.539+0000] {standard_task_runner.py:82} INFO - Running: ['***', 'tasks', 'run', 'prediction_pipeline', 'fetching_data', 'scheduled__2023-05-04T00:00:00+00:00', '--job-id', '734', '--raw', '--subdir', 'DAGS_FOLDER/prediction_pipeline.py', '--cfg-path', '/tmp/tmp3_56yxff']
[2023-05-05T00:00:01.542+0000] {standard_task_runner.py:83} INFO - Job 734: Subtask fetching_data
[2023-05-05T00:00:01.621+0000] {task_command.py:389} INFO - Running <TaskInstance: prediction_pipeline.fetching_data scheduled__2023-05-04T00:00:00+00:00 [running]> on host ab75f0ddb6b9
[2023-05-05T00:00:01.715+0000] {taskinstance.py:1518} INFO - Exporting the following env vars:
AIRFLOW_CTX_DAG_EMAIL=nomadicsenseis@gmail.com
AIRFLOW_CTX_DAG_OWNER=Diego Rivera
AIRFLOW_CTX_DAG_ID=prediction_pipeline
AIRFLOW_CTX_TASK_ID=fetching_data
AIRFLOW_CTX_EXECUTION_DATE=2023-05-04T00:00:00+00:00
AIRFLOW_CTX_TRY_NUMBER=1
AIRFLOW_CTX_DAG_RUN_ID=scheduled__2023-05-04T00:00:00+00:00
[2023-05-05T00:00:11.674+0000] {python.py:177} INFO - Done. Returned value was: None
[2023-05-05T00:00:11.691+0000] {taskinstance.py:1332} INFO - Marking task as SUCCESS. dag_id=prediction_pipeline, task_id=fetching_data, execution_date=20230504T000000, start_date=20230505T000001, end_date=20230505T000011
[2023-05-05T00:00:11.734+0000] {local_task_job.py:212} INFO - Task exited with return code 0
[2023-05-05T00:00:11.801+0000] {taskinstance.py:2596} INFO - 1 downstream tasks scheduled from follow-on schedule check
