[2023-05-04T23:02:32.570+0000] {taskinstance.py:1090} INFO - Dependencies all met for dep_context=non-requeueable deps ti=<TaskInstance: ml_pipeline.creating_storage_structures.creating_experiment_tracking_table manual__2023-05-04T23:02:29.565022+00:00 [queued]>
[2023-05-04T23:02:32.585+0000] {taskinstance.py:1090} INFO - Dependencies all met for dep_context=requeueable deps ti=<TaskInstance: ml_pipeline.creating_storage_structures.creating_experiment_tracking_table manual__2023-05-04T23:02:29.565022+00:00 [queued]>
[2023-05-04T23:02:32.585+0000] {taskinstance.py:1288} INFO - 
--------------------------------------------------------------------------------
[2023-05-04T23:02:32.586+0000] {taskinstance.py:1289} INFO - Starting attempt 1 of 1
[2023-05-04T23:02:32.586+0000] {taskinstance.py:1290} INFO - 
--------------------------------------------------------------------------------
[2023-05-04T23:02:32.611+0000] {taskinstance.py:1309} INFO - Executing <Task(PostgresOperator): creating_storage_structures.creating_experiment_tracking_table> on 2023-05-04 23:02:29.565022+00:00
[2023-05-04T23:02:32.618+0000] {standard_task_runner.py:55} INFO - Started process 24590 to run task
[2023-05-04T23:02:32.622+0000] {standard_task_runner.py:82} INFO - Running: ['***', 'tasks', 'run', 'ml_pipeline', 'creating_storage_structures.creating_experiment_tracking_table', 'manual__2023-05-04T23:02:29.565022+00:00', '--job-id', '700', '--raw', '--subdir', 'DAGS_FOLDER/ml_pipeline.py', '--cfg-path', '/tmp/tmpo1j3jgcc']
[2023-05-04T23:02:32.625+0000] {standard_task_runner.py:83} INFO - Job 700: Subtask creating_storage_structures.creating_experiment_tracking_table
[2023-05-04T23:02:32.765+0000] {task_command.py:389} INFO - Running <TaskInstance: ml_pipeline.creating_storage_structures.creating_experiment_tracking_table manual__2023-05-04T23:02:29.565022+00:00 [running]> on host ab75f0ddb6b9
[2023-05-04T23:02:32.984+0000] {taskinstance.py:1518} INFO - Exporting the following env vars:
AIRFLOW_CTX_DAG_EMAIL=nomadicsenseis@gmail.com
AIRFLOW_CTX_DAG_OWNER=Diego Rivera
AIRFLOW_CTX_DAG_ID=ml_pipeline
AIRFLOW_CTX_TASK_ID=creating_storage_structures.creating_experiment_tracking_table
AIRFLOW_CTX_EXECUTION_DATE=2023-05-04T23:02:29.565022+00:00
AIRFLOW_CTX_TRY_NUMBER=1
AIRFLOW_CTX_DAG_RUN_ID=manual__2023-05-04T23:02:29.565022+00:00
[2023-05-04T23:02:32.985+0000] {sql.py:254} INFO - Executing: CREATE TABLE IF NOT EXISTS experiments (
    experiment_id SERIAL PRIMARY KEY,
    experiment_datetime VARCHAR NOT NULL,
    best_accuracy NUMERIC NOT NULL,
    best_xgb_n_estimators INTEGER NOT NULL,
    best_xgb_max_depth INTEGER NOT NULL,
    best_xgb_min_child_weight INTEGER NOT NULL,
    best_xgb_gamma NUMERIC NOT NULL,
    best_xgb_learning_rate NUMERIC NOT NULL,
    best_xgb_subsample NUMERIC NOT NULL,
    best_xgb_colsample_bytree NUMERIC NOT NULL,
    best_xgb_reg_alpha NUMERIC NOT NULL,
    best_xgb_reg_lambda NUMERIC NOT NULL
);
[2023-05-04T23:02:32.997+0000] {base.py:73} INFO - Using connection ID 'postgres_default' for task execution.
[2023-05-04T23:02:33.387+0000] {base.py:73} INFO - Using connection ID 'postgres_default' for task execution.
[2023-05-04T23:02:33.605+0000] {sql.py:375} INFO - Running statement: CREATE TABLE IF NOT EXISTS experiments (
    experiment_id SERIAL PRIMARY KEY,
    experiment_datetime VARCHAR NOT NULL,
    best_accuracy NUMERIC NOT NULL,
    best_xgb_n_estimators INTEGER NOT NULL,
    best_xgb_max_depth INTEGER NOT NULL,
    best_xgb_min_child_weight INTEGER NOT NULL,
    best_xgb_gamma NUMERIC NOT NULL,
    best_xgb_learning_rate NUMERIC NOT NULL,
    best_xgb_subsample NUMERIC NOT NULL,
    best_xgb_colsample_bytree NUMERIC NOT NULL,
    best_xgb_reg_alpha NUMERIC NOT NULL,
    best_xgb_reg_lambda NUMERIC NOT NULL
);, parameters: None
[2023-05-04T23:02:33.653+0000] {taskinstance.py:1332} INFO - Marking task as SUCCESS. dag_id=ml_pipeline, task_id=creating_storage_structures.creating_experiment_tracking_table, execution_date=20230504T230229, start_date=20230504T230232, end_date=20230504T230233
[2023-05-04T23:02:33.759+0000] {local_task_job.py:212} INFO - Task exited with return code 0
[2023-05-04T23:02:33.877+0000] {taskinstance.py:2596} INFO - 0 downstream tasks scheduled from follow-on schedule check
