[2023-05-04T22:26:26.857+0000] {taskinstance.py:1090} INFO - Dependencies all met for dep_context=non-requeueable deps ti=<TaskInstance: ml_pipeline.feature_selection.feature_selecting manual__2023-05-04T22:24:57.814623+00:00 [queued]>
[2023-05-04T22:26:26.884+0000] {taskinstance.py:1090} INFO - Dependencies all met for dep_context=requeueable deps ti=<TaskInstance: ml_pipeline.feature_selection.feature_selecting manual__2023-05-04T22:24:57.814623+00:00 [queued]>
[2023-05-04T22:26:26.885+0000] {taskinstance.py:1288} INFO - 
--------------------------------------------------------------------------------
[2023-05-04T22:26:26.948+0000] {taskinstance.py:1289} INFO - Starting attempt 1 of 1
[2023-05-04T22:26:26.948+0000] {taskinstance.py:1290} INFO - 
--------------------------------------------------------------------------------
[2023-05-04T22:26:26.975+0000] {taskinstance.py:1309} INFO - Executing <Task(PythonOperator): feature_selection.feature_selecting> on 2023-05-04 22:24:57.814623+00:00
[2023-05-04T22:26:26.982+0000] {standard_task_runner.py:55} INFO - Started process 23255 to run task
[2023-05-04T22:26:26.985+0000] {standard_task_runner.py:82} INFO - Running: ['***', 'tasks', 'run', 'ml_pipeline', 'feature_selection.feature_selecting', 'manual__2023-05-04T22:24:57.814623+00:00', '--job-id', '684', '--raw', '--subdir', 'DAGS_FOLDER/ml_pipeline.py', '--cfg-path', '/tmp/tmpzp1uc0y6']
[2023-05-04T22:26:26.988+0000] {standard_task_runner.py:83} INFO - Job 684: Subtask feature_selection.feature_selecting
[2023-05-04T22:26:27.112+0000] {task_command.py:389} INFO - Running <TaskInstance: ml_pipeline.feature_selection.feature_selecting manual__2023-05-04T22:24:57.814623+00:00 [running]> on host ab75f0ddb6b9
[2023-05-04T22:26:27.445+0000] {taskinstance.py:1518} INFO - Exporting the following env vars:
AIRFLOW_CTX_DAG_EMAIL=nomadicsenseis@gmail.com
AIRFLOW_CTX_DAG_OWNER=Diego Rivera
AIRFLOW_CTX_DAG_ID=ml_pipeline
AIRFLOW_CTX_TASK_ID=feature_selection.feature_selecting
AIRFLOW_CTX_EXECUTION_DATE=2023-05-04T22:24:57.814623+00:00
AIRFLOW_CTX_TRY_NUMBER=1
AIRFLOW_CTX_DAG_RUN_ID=manual__2023-05-04T22:24:57.814623+00:00
[2023-05-04T22:26:30.922+0000] {logging_mixin.py:137} WARNING - /home/***/.local/lib/python3.7/site-packages/sklearn/utils/validation.py:993 DataConversionWarning: A column-vector y was passed when a 1d array was expected. Please change the shape of y to (n_samples, ), for example using ravel().
[2023-05-04T22:26:42.567+0000] {logging_mixin.py:137} WARNING - /home/***/.local/lib/python3.7/site-packages/sklearn/linear_model/_sag.py:354 ConvergenceWarning: The max_iter was reached which means the coef_ did not converge
[2023-05-04T22:26:54.359+0000] {logging_mixin.py:137} WARNING - /home/***/.local/lib/python3.7/site-packages/sklearn/linear_model/_sag.py:354 ConvergenceWarning: The max_iter was reached which means the coef_ did not converge
[2023-05-04T22:27:05.694+0000] {logging_mixin.py:137} WARNING - /home/***/.local/lib/python3.7/site-packages/sklearn/linear_model/_sag.py:354 ConvergenceWarning: The max_iter was reached which means the coef_ did not converge
[2023-05-04T22:27:17.002+0000] {logging_mixin.py:137} WARNING - /home/***/.local/lib/python3.7/site-packages/sklearn/linear_model/_sag.py:354 ConvergenceWarning: The max_iter was reached which means the coef_ did not converge
[2023-05-04T22:27:30.849+0000] {logging_mixin.py:137} WARNING - /home/***/.local/lib/python3.7/site-packages/sklearn/linear_model/_sag.py:354 ConvergenceWarning: The max_iter was reached which means the coef_ did not converge
[2023-05-04T22:27:53.325+0000] {logging_mixin.py:137} WARNING - /home/***/.local/lib/python3.7/site-packages/sklearn/linear_model/_sag.py:354 ConvergenceWarning: The max_iter was reached which means the coef_ did not converge
[2023-05-04T22:28:06.632+0000] {logging_mixin.py:137} WARNING - /home/***/.local/lib/python3.7/site-packages/sklearn/linear_model/_sag.py:354 ConvergenceWarning: The max_iter was reached which means the coef_ did not converge
[2023-05-04T22:28:20.119+0000] {logging_mixin.py:137} WARNING - /home/***/.local/lib/python3.7/site-packages/sklearn/linear_model/_sag.py:354 ConvergenceWarning: The max_iter was reached which means the coef_ did not converge
[2023-05-04T22:28:36.497+0000] {logging_mixin.py:137} WARNING - /home/***/.local/lib/python3.7/site-packages/sklearn/linear_model/_sag.py:354 ConvergenceWarning: The max_iter was reached which means the coef_ did not converge
[2023-05-04T22:28:53.150+0000] {logging_mixin.py:137} WARNING - /home/***/.local/lib/python3.7/site-packages/sklearn/linear_model/_sag.py:354 ConvergenceWarning: The max_iter was reached which means the coef_ did not converge
[2023-05-04T22:29:16.363+0000] {logging_mixin.py:137} WARNING - /home/***/.local/lib/python3.7/site-packages/sklearn/linear_model/_sag.py:354 ConvergenceWarning: The max_iter was reached which means the coef_ did not converge
[2023-05-04T22:29:29.503+0000] {logging_mixin.py:137} WARNING - /home/***/.local/lib/python3.7/site-packages/sklearn/linear_model/_sag.py:354 ConvergenceWarning: The max_iter was reached which means the coef_ did not converge
[2023-05-04T22:29:42.965+0000] {logging_mixin.py:137} WARNING - /home/***/.local/lib/python3.7/site-packages/sklearn/linear_model/_sag.py:354 ConvergenceWarning: The max_iter was reached which means the coef_ did not converge
[2023-05-04T22:29:55.140+0000] {logging_mixin.py:137} WARNING - /home/***/.local/lib/python3.7/site-packages/sklearn/linear_model/_sag.py:354 ConvergenceWarning: The max_iter was reached which means the coef_ did not converge
[2023-05-04T22:30:07.418+0000] {logging_mixin.py:137} WARNING - /home/***/.local/lib/python3.7/site-packages/sklearn/linear_model/_sag.py:354 ConvergenceWarning: The max_iter was reached which means the coef_ did not converge
[2023-05-04T22:30:20.766+0000] {logging_mixin.py:137} WARNING - /home/***/.local/lib/python3.7/site-packages/sklearn/linear_model/_sag.py:354 ConvergenceWarning: The max_iter was reached which means the coef_ did not converge
[2023-05-04T22:30:32.658+0000] {logging_mixin.py:137} WARNING - /home/***/.local/lib/python3.7/site-packages/sklearn/linear_model/_sag.py:354 ConvergenceWarning: The max_iter was reached which means the coef_ did not converge
[2023-05-04T22:30:45.500+0000] {logging_mixin.py:137} WARNING - /home/***/.local/lib/python3.7/site-packages/sklearn/linear_model/_sag.py:354 ConvergenceWarning: The max_iter was reached which means the coef_ did not converge
[2023-05-04T22:31:00.077+0000] {logging_mixin.py:137} WARNING - /home/***/.local/lib/python3.7/site-packages/sklearn/linear_model/_sag.py:354 ConvergenceWarning: The max_iter was reached which means the coef_ did not converge
[2023-05-04T22:31:11.881+0000] {logging_mixin.py:137} WARNING - /home/***/.local/lib/python3.7/site-packages/sklearn/linear_model/_sag.py:354 ConvergenceWarning: The max_iter was reached which means the coef_ did not converge
[2023-05-04T22:31:33.174+0000] {logging_mixin.py:137} WARNING - /home/***/.local/lib/python3.7/site-packages/sklearn/linear_model/_sag.py:354 ConvergenceWarning: The max_iter was reached which means the coef_ did not converge
[2023-05-04T22:31:35.529+0000] {python.py:177} INFO - Done. Returned value was: None
[2023-05-04T22:31:35.542+0000] {taskinstance.py:1332} INFO - Marking task as SUCCESS. dag_id=ml_pipeline, task_id=feature_selection.feature_selecting, execution_date=20230504T222457, start_date=20230504T222626, end_date=20230504T223135
[2023-05-04T22:31:35.607+0000] {local_task_job.py:212} INFO - Task exited with return code 0
[2023-05-04T22:31:35.680+0000] {taskinstance.py:2596} INFO - 1 downstream tasks scheduled from follow-on schedule check
