[2023-05-04T20:28:46.797+0000] {taskinstance.py:1090} INFO - Dependencies all met for dep_context=non-requeueable deps ti=<TaskInstance: ml_pipeline.feature_selection.saving_clean_batch_data manual__2023-05-04T20:27:04.995101+00:00 [queued]>
[2023-05-04T20:28:46.811+0000] {taskinstance.py:1090} INFO - Dependencies all met for dep_context=requeueable deps ti=<TaskInstance: ml_pipeline.feature_selection.saving_clean_batch_data manual__2023-05-04T20:27:04.995101+00:00 [queued]>
[2023-05-04T20:28:46.812+0000] {taskinstance.py:1288} INFO - 
--------------------------------------------------------------------------------
[2023-05-04T20:28:46.821+0000] {taskinstance.py:1289} INFO - Starting attempt 1 of 1
[2023-05-04T20:28:46.823+0000] {taskinstance.py:1290} INFO - 
--------------------------------------------------------------------------------
[2023-05-04T20:28:46.889+0000] {taskinstance.py:1309} INFO - Executing <Task(PythonOperator): feature_selection.saving_clean_batch_data> on 2023-05-04 20:27:04.995101+00:00
[2023-05-04T20:28:46.898+0000] {standard_task_runner.py:55} INFO - Started process 19008 to run task
[2023-05-04T20:28:46.902+0000] {standard_task_runner.py:82} INFO - Running: ['***', 'tasks', 'run', 'ml_pipeline', 'feature_selection.saving_clean_batch_data', 'manual__2023-05-04T20:27:04.995101+00:00', '--job-id', '665', '--raw', '--subdir', 'DAGS_FOLDER/ml_pipeline.py', '--cfg-path', '/tmp/tmpwyuhyzbe']
[2023-05-04T20:28:46.905+0000] {standard_task_runner.py:83} INFO - Job 665: Subtask feature_selection.saving_clean_batch_data
[2023-05-04T20:28:47.086+0000] {task_command.py:389} INFO - Running <TaskInstance: ml_pipeline.feature_selection.saving_clean_batch_data manual__2023-05-04T20:27:04.995101+00:00 [running]> on host ab75f0ddb6b9
[2023-05-04T20:28:47.221+0000] {taskinstance.py:1518} INFO - Exporting the following env vars:
AIRFLOW_CTX_DAG_EMAIL=nomadicsenseis@gmail.com
AIRFLOW_CTX_DAG_OWNER=Diego Rivera
AIRFLOW_CTX_DAG_ID=ml_pipeline
AIRFLOW_CTX_TASK_ID=feature_selection.saving_clean_batch_data
AIRFLOW_CTX_EXECUTION_DATE=2023-05-04T20:27:04.995101+00:00
AIRFLOW_CTX_TRY_NUMBER=1
AIRFLOW_CTX_DAG_RUN_ID=manual__2023-05-04T20:27:04.995101+00:00
[2023-05-04T20:33:57.812+0000] {python.py:177} INFO - Done. Returned value was: None
[2023-05-04T20:33:57.865+0000] {taskinstance.py:1332} INFO - Marking task as SUCCESS. dag_id=ml_pipeline, task_id=feature_selection.saving_clean_batch_data, execution_date=20230504T202704, start_date=20230504T202846, end_date=20230504T203357
[2023-05-04T20:33:58.084+0000] {local_task_job.py:212} INFO - Task exited with return code 0
[2023-05-04T20:33:58.159+0000] {taskinstance.py:2596} INFO - 0 downstream tasks scheduled from follow-on schedule check
