[2023-05-04T23:20:41.304+0000] {taskinstance.py:1090} INFO - Dependencies all met for dep_context=non-requeueable deps ti=<TaskInstance: ml_pipeline.feature_selection.saving_clean_batch_data manual__2023-05-04T23:19:12.756362+00:00 [queued]>
[2023-05-04T23:20:41.453+0000] {taskinstance.py:1090} INFO - Dependencies all met for dep_context=requeueable deps ti=<TaskInstance: ml_pipeline.feature_selection.saving_clean_batch_data manual__2023-05-04T23:19:12.756362+00:00 [queued]>
[2023-05-04T23:20:41.454+0000] {taskinstance.py:1288} INFO - 
--------------------------------------------------------------------------------
[2023-05-04T23:20:41.456+0000] {taskinstance.py:1289} INFO - Starting attempt 1 of 1
[2023-05-04T23:20:41.457+0000] {taskinstance.py:1290} INFO - 
--------------------------------------------------------------------------------
[2023-05-04T23:20:41.487+0000] {taskinstance.py:1309} INFO - Executing <Task(PythonOperator): feature_selection.saving_clean_batch_data> on 2023-05-04 23:19:12.756362+00:00
[2023-05-04T23:20:41.495+0000] {standard_task_runner.py:55} INFO - Started process 25276 to run task
[2023-05-04T23:20:41.499+0000] {standard_task_runner.py:82} INFO - Running: ['***', 'tasks', 'run', 'ml_pipeline', 'feature_selection.saving_clean_batch_data', 'manual__2023-05-04T23:19:12.756362+00:00', '--job-id', '726', '--raw', '--subdir', 'DAGS_FOLDER/ml_pipeline.py', '--cfg-path', '/tmp/tmp027wbdtw']
[2023-05-04T23:20:41.502+0000] {standard_task_runner.py:83} INFO - Job 726: Subtask feature_selection.saving_clean_batch_data
[2023-05-04T23:20:41.584+0000] {task_command.py:389} INFO - Running <TaskInstance: ml_pipeline.feature_selection.saving_clean_batch_data manual__2023-05-04T23:19:12.756362+00:00 [running]> on host ab75f0ddb6b9
[2023-05-04T23:20:41.831+0000] {taskinstance.py:1518} INFO - Exporting the following env vars:
AIRFLOW_CTX_DAG_EMAIL=nomadicsenseis@gmail.com
AIRFLOW_CTX_DAG_OWNER=Diego Rivera
AIRFLOW_CTX_DAG_ID=ml_pipeline
AIRFLOW_CTX_TASK_ID=feature_selection.saving_clean_batch_data
AIRFLOW_CTX_EXECUTION_DATE=2023-05-04T23:19:12.756362+00:00
AIRFLOW_CTX_TRY_NUMBER=1
AIRFLOW_CTX_DAG_RUN_ID=manual__2023-05-04T23:19:12.756362+00:00
[2023-05-04T23:26:36.482+0000] {python.py:177} INFO - Done. Returned value was: None
[2023-05-04T23:26:36.499+0000] {taskinstance.py:1332} INFO - Marking task as SUCCESS. dag_id=ml_pipeline, task_id=feature_selection.saving_clean_batch_data, execution_date=20230504T231912, start_date=20230504T232041, end_date=20230504T232636
[2023-05-04T23:26:36.670+0000] {local_task_job.py:212} INFO - Task exited with return code 0
[2023-05-04T23:26:36.714+0000] {taskinstance.py:2596} INFO - 1 downstream tasks scheduled from follow-on schedule check
