[2023-05-04T23:20:41.308+0000] {taskinstance.py:1090} INFO - Dependencies all met for dep_context=non-requeueable deps ti=<TaskInstance: ml_pipeline.feature_selection.feature_selecting manual__2023-05-04T23:19:12.756362+00:00 [queued]>
[2023-05-04T23:20:41.451+0000] {taskinstance.py:1090} INFO - Dependencies all met for dep_context=requeueable deps ti=<TaskInstance: ml_pipeline.feature_selection.feature_selecting manual__2023-05-04T23:19:12.756362+00:00 [queued]>
[2023-05-04T23:20:41.451+0000] {taskinstance.py:1288} INFO - 
--------------------------------------------------------------------------------
[2023-05-04T23:20:41.452+0000] {taskinstance.py:1289} INFO - Starting attempt 1 of 1
[2023-05-04T23:20:41.453+0000] {taskinstance.py:1290} INFO - 
--------------------------------------------------------------------------------
[2023-05-04T23:20:41.485+0000] {taskinstance.py:1309} INFO - Executing <Task(PythonOperator): feature_selection.feature_selecting> on 2023-05-04 23:19:12.756362+00:00
[2023-05-04T23:20:41.492+0000] {standard_task_runner.py:55} INFO - Started process 25275 to run task
[2023-05-04T23:20:41.497+0000] {standard_task_runner.py:82} INFO - Running: ['***', 'tasks', 'run', 'ml_pipeline', 'feature_selection.feature_selecting', 'manual__2023-05-04T23:19:12.756362+00:00', '--job-id', '727', '--raw', '--subdir', 'DAGS_FOLDER/ml_pipeline.py', '--cfg-path', '/tmp/tmp4jlf6hnh']
[2023-05-04T23:20:41.499+0000] {standard_task_runner.py:83} INFO - Job 727: Subtask feature_selection.feature_selecting
[2023-05-04T23:20:41.588+0000] {task_command.py:389} INFO - Running <TaskInstance: ml_pipeline.feature_selection.feature_selecting manual__2023-05-04T23:19:12.756362+00:00 [running]> on host ab75f0ddb6b9
[2023-05-04T23:20:41.850+0000] {taskinstance.py:1518} INFO - Exporting the following env vars:
AIRFLOW_CTX_DAG_EMAIL=nomadicsenseis@gmail.com
AIRFLOW_CTX_DAG_OWNER=Diego Rivera
AIRFLOW_CTX_DAG_ID=ml_pipeline
AIRFLOW_CTX_TASK_ID=feature_selection.feature_selecting
AIRFLOW_CTX_EXECUTION_DATE=2023-05-04T23:19:12.756362+00:00
AIRFLOW_CTX_TRY_NUMBER=1
AIRFLOW_CTX_DAG_RUN_ID=manual__2023-05-04T23:19:12.756362+00:00
[2023-05-04T23:20:45.978+0000] {logging_mixin.py:137} WARNING - /home/***/.local/lib/python3.7/site-packages/sklearn/utils/validation.py:993 DataConversionWarning: A column-vector y was passed when a 1d array was expected. Please change the shape of y to (n_samples, ), for example using ravel().
[2023-05-04T23:20:59.051+0000] {logging_mixin.py:137} WARNING - /home/***/.local/lib/python3.7/site-packages/sklearn/linear_model/_sag.py:354 ConvergenceWarning: The max_iter was reached which means the coef_ did not converge
[2023-05-04T23:21:11.997+0000] {logging_mixin.py:137} WARNING - /home/***/.local/lib/python3.7/site-packages/sklearn/linear_model/_sag.py:354 ConvergenceWarning: The max_iter was reached which means the coef_ did not converge
[2023-05-04T23:21:24.554+0000] {logging_mixin.py:137} WARNING - /home/***/.local/lib/python3.7/site-packages/sklearn/linear_model/_sag.py:354 ConvergenceWarning: The max_iter was reached which means the coef_ did not converge
[2023-05-04T23:21:37.896+0000] {logging_mixin.py:137} WARNING - /home/***/.local/lib/python3.7/site-packages/sklearn/linear_model/_sag.py:354 ConvergenceWarning: The max_iter was reached which means the coef_ did not converge
[2023-05-04T23:21:55.758+0000] {logging_mixin.py:137} WARNING - /home/***/.local/lib/python3.7/site-packages/sklearn/linear_model/_sag.py:354 ConvergenceWarning: The max_iter was reached which means the coef_ did not converge
[2023-05-04T23:22:08.975+0000] {logging_mixin.py:137} WARNING - /home/***/.local/lib/python3.7/site-packages/sklearn/linear_model/_sag.py:354 ConvergenceWarning: The max_iter was reached which means the coef_ did not converge
[2023-05-04T23:22:39.001+0000] {logging_mixin.py:137} WARNING - /home/***/.local/lib/python3.7/site-packages/sklearn/linear_model/_sag.py:354 ConvergenceWarning: The max_iter was reached which means the coef_ did not converge
[2023-05-04T23:22:58.151+0000] {logging_mixin.py:137} WARNING - /home/***/.local/lib/python3.7/site-packages/sklearn/linear_model/_sag.py:354 ConvergenceWarning: The max_iter was reached which means the coef_ did not converge
[2023-05-04T23:23:14.195+0000] {logging_mixin.py:137} WARNING - /home/***/.local/lib/python3.7/site-packages/sklearn/linear_model/_sag.py:354 ConvergenceWarning: The max_iter was reached which means the coef_ did not converge
[2023-05-04T23:23:28.282+0000] {logging_mixin.py:137} WARNING - /home/***/.local/lib/python3.7/site-packages/sklearn/linear_model/_sag.py:354 ConvergenceWarning: The max_iter was reached which means the coef_ did not converge
[2023-05-04T23:23:44.180+0000] {logging_mixin.py:137} WARNING - /home/***/.local/lib/python3.7/site-packages/sklearn/linear_model/_sag.py:354 ConvergenceWarning: The max_iter was reached which means the coef_ did not converge
[2023-05-04T23:23:58.053+0000] {logging_mixin.py:137} WARNING - /home/***/.local/lib/python3.7/site-packages/sklearn/linear_model/_sag.py:354 ConvergenceWarning: The max_iter was reached which means the coef_ did not converge
[2023-05-04T23:24:14.783+0000] {logging_mixin.py:137} WARNING - /home/***/.local/lib/python3.7/site-packages/sklearn/linear_model/_sag.py:354 ConvergenceWarning: The max_iter was reached which means the coef_ did not converge
[2023-05-04T23:24:33.477+0000] {logging_mixin.py:137} WARNING - /home/***/.local/lib/python3.7/site-packages/sklearn/linear_model/_sag.py:354 ConvergenceWarning: The max_iter was reached which means the coef_ did not converge
[2023-05-04T23:24:48.064+0000] {logging_mixin.py:137} WARNING - /home/***/.local/lib/python3.7/site-packages/sklearn/linear_model/_sag.py:354 ConvergenceWarning: The max_iter was reached which means the coef_ did not converge
[2023-05-04T23:24:59.798+0000] {logging_mixin.py:137} WARNING - /home/***/.local/lib/python3.7/site-packages/sklearn/linear_model/_sag.py:354 ConvergenceWarning: The max_iter was reached which means the coef_ did not converge
[2023-05-04T23:25:14.268+0000] {logging_mixin.py:137} WARNING - /home/***/.local/lib/python3.7/site-packages/sklearn/linear_model/_sag.py:354 ConvergenceWarning: The max_iter was reached which means the coef_ did not converge
[2023-05-04T23:25:28.095+0000] {logging_mixin.py:137} WARNING - /home/***/.local/lib/python3.7/site-packages/sklearn/linear_model/_sag.py:354 ConvergenceWarning: The max_iter was reached which means the coef_ did not converge
[2023-05-04T23:25:43.213+0000] {logging_mixin.py:137} WARNING - /home/***/.local/lib/python3.7/site-packages/sklearn/linear_model/_sag.py:354 ConvergenceWarning: The max_iter was reached which means the coef_ did not converge
[2023-05-04T23:25:57.766+0000] {logging_mixin.py:137} WARNING - /home/***/.local/lib/python3.7/site-packages/sklearn/linear_model/_sag.py:354 ConvergenceWarning: The max_iter was reached which means the coef_ did not converge
[2023-05-04T23:26:28.748+0000] {logging_mixin.py:137} WARNING - /home/***/.local/lib/python3.7/site-packages/sklearn/linear_model/_sag.py:354 ConvergenceWarning: The max_iter was reached which means the coef_ did not converge
[2023-05-04T23:26:32.343+0000] {python.py:177} INFO - Done. Returned value was: None
[2023-05-04T23:26:32.361+0000] {taskinstance.py:1332} INFO - Marking task as SUCCESS. dag_id=ml_pipeline, task_id=feature_selection.feature_selecting, execution_date=20230504T231912, start_date=20230504T232041, end_date=20230504T232632
[2023-05-04T23:26:32.406+0000] {local_task_job.py:212} INFO - Task exited with return code 0
[2023-05-04T23:26:32.449+0000] {taskinstance.py:2596} INFO - 0 downstream tasks scheduled from follow-on schedule check
