[2023-05-04T23:16:50.488+0000] {taskinstance.py:1090} INFO - Dependencies all met for dep_context=non-requeueable deps ti=<TaskInstance: ml_pipeline.feature_selection.saving_clean_batch_data manual__2023-05-04T23:12:44.158544+00:00 [queued]>
[2023-05-04T23:16:50.514+0000] {taskinstance.py:1090} INFO - Dependencies all met for dep_context=requeueable deps ti=<TaskInstance: ml_pipeline.feature_selection.saving_clean_batch_data manual__2023-05-04T23:12:44.158544+00:00 [queued]>
[2023-05-04T23:16:50.515+0000] {taskinstance.py:1288} INFO - 
--------------------------------------------------------------------------------
[2023-05-04T23:16:50.516+0000] {taskinstance.py:1289} INFO - Starting attempt 2 of 1
[2023-05-04T23:16:50.517+0000] {taskinstance.py:1290} INFO - 
--------------------------------------------------------------------------------
[2023-05-04T23:16:50.616+0000] {taskinstance.py:1309} INFO - Executing <Task(PythonOperator): feature_selection.saving_clean_batch_data> on 2023-05-04 23:12:44.158544+00:00
[2023-05-04T23:16:50.627+0000] {standard_task_runner.py:55} INFO - Started process 25106 to run task
[2023-05-04T23:16:50.634+0000] {standard_task_runner.py:82} INFO - Running: ['***', 'tasks', 'run', 'ml_pipeline', 'feature_selection.saving_clean_batch_data', 'manual__2023-05-04T23:12:44.158544+00:00', '--job-id', '719', '--raw', '--subdir', 'DAGS_FOLDER/ml_pipeline.py', '--cfg-path', '/tmp/tmp_zqy34ss']
[2023-05-04T23:16:51.596+0000] {standard_task_runner.py:83} INFO - Job 719: Subtask feature_selection.saving_clean_batch_data
[2023-05-04T23:17:00.559+0000] {task_command.py:389} INFO - Running <TaskInstance: ml_pipeline.feature_selection.saving_clean_batch_data manual__2023-05-04T23:12:44.158544+00:00 [running]> on host ab75f0ddb6b9
[2023-05-04T23:17:02.451+0000] {taskinstance.py:1518} INFO - Exporting the following env vars:
AIRFLOW_CTX_DAG_EMAIL=nomadicsenseis@gmail.com
AIRFLOW_CTX_DAG_OWNER=Diego Rivera
AIRFLOW_CTX_DAG_ID=ml_pipeline
AIRFLOW_CTX_TASK_ID=feature_selection.saving_clean_batch_data
AIRFLOW_CTX_EXECUTION_DATE=2023-05-04T23:12:44.158544+00:00
AIRFLOW_CTX_TRY_NUMBER=3
AIRFLOW_CTX_DAG_RUN_ID=manual__2023-05-04T23:12:44.158544+00:00
[2023-05-04T23:17:09.967+0000] {local_task_job.py:277} WARNING - State of this instance has been externally set to failed. Terminating instance.
[2023-05-04T23:17:09.970+0000] {process_utils.py:133} INFO - Sending Signals.SIGTERM to group 25106. PIDs of all processes in the group: [25106]
[2023-05-04T23:17:09.971+0000] {process_utils.py:84} INFO - Sending the signal Signals.SIGTERM to group 25106
[2023-05-04T23:17:09.974+0000] {taskinstance.py:1488} ERROR - Received SIGTERM. Terminating subprocesses.
[2023-05-04T23:17:10.064+0000] {process_utils.py:79} INFO - Process psutil.Process(pid=25106, status='terminated', exitcode=0, started='23:16:50') (25106) terminated with exit code 0
