[2023-05-04T22:49:16.443+0000] {taskinstance.py:1090} INFO - Dependencies all met for dep_context=non-requeueable deps ti=<TaskInstance: ml_pipeline.feature_selection.feature_selecting manual__2023-05-04T22:47:39.273046+00:00 [queued]>
[2023-05-04T22:49:16.458+0000] {taskinstance.py:1090} INFO - Dependencies all met for dep_context=requeueable deps ti=<TaskInstance: ml_pipeline.feature_selection.feature_selecting manual__2023-05-04T22:47:39.273046+00:00 [queued]>
[2023-05-04T22:49:16.459+0000] {taskinstance.py:1288} INFO - 
--------------------------------------------------------------------------------
[2023-05-04T22:49:16.474+0000] {taskinstance.py:1289} INFO - Starting attempt 1 of 1
[2023-05-04T22:49:16.475+0000] {taskinstance.py:1290} INFO - 
--------------------------------------------------------------------------------
[2023-05-04T22:49:16.499+0000] {taskinstance.py:1309} INFO - Executing <Task(PythonOperator): feature_selection.feature_selecting> on 2023-05-04 22:47:39.273046+00:00
[2023-05-04T22:49:16.506+0000] {standard_task_runner.py:55} INFO - Started process 24086 to run task
[2023-05-04T22:49:16.510+0000] {standard_task_runner.py:82} INFO - Running: ['***', 'tasks', 'run', 'ml_pipeline', 'feature_selection.feature_selecting', 'manual__2023-05-04T22:47:39.273046+00:00', '--job-id', '695', '--raw', '--subdir', 'DAGS_FOLDER/ml_pipeline.py', '--cfg-path', '/tmp/tmpnie6w08c']
[2023-05-04T22:49:16.512+0000] {standard_task_runner.py:83} INFO - Job 695: Subtask feature_selection.feature_selecting
[2023-05-04T22:49:16.597+0000] {task_command.py:389} INFO - Running <TaskInstance: ml_pipeline.feature_selection.feature_selecting manual__2023-05-04T22:47:39.273046+00:00 [running]> on host ab75f0ddb6b9
[2023-05-04T22:49:16.700+0000] {taskinstance.py:1518} INFO - Exporting the following env vars:
AIRFLOW_CTX_DAG_EMAIL=nomadicsenseis@gmail.com
AIRFLOW_CTX_DAG_OWNER=Diego Rivera
AIRFLOW_CTX_DAG_ID=ml_pipeline
AIRFLOW_CTX_TASK_ID=feature_selection.feature_selecting
AIRFLOW_CTX_EXECUTION_DATE=2023-05-04T22:47:39.273046+00:00
AIRFLOW_CTX_TRY_NUMBER=1
AIRFLOW_CTX_DAG_RUN_ID=manual__2023-05-04T22:47:39.273046+00:00
[2023-05-04T22:49:20.396+0000] {logging_mixin.py:137} WARNING - /home/***/.local/lib/python3.7/site-packages/sklearn/utils/validation.py:993 DataConversionWarning: A column-vector y was passed when a 1d array was expected. Please change the shape of y to (n_samples, ), for example using ravel().
[2023-05-04T22:49:33.631+0000] {logging_mixin.py:137} WARNING - /home/***/.local/lib/python3.7/site-packages/sklearn/linear_model/_sag.py:354 ConvergenceWarning: The max_iter was reached which means the coef_ did not converge
[2023-05-04T22:49:46.315+0000] {logging_mixin.py:137} WARNING - /home/***/.local/lib/python3.7/site-packages/sklearn/linear_model/_sag.py:354 ConvergenceWarning: The max_iter was reached which means the coef_ did not converge
[2023-05-04T22:49:58.285+0000] {logging_mixin.py:137} WARNING - /home/***/.local/lib/python3.7/site-packages/sklearn/linear_model/_sag.py:354 ConvergenceWarning: The max_iter was reached which means the coef_ did not converge
[2023-05-04T22:50:10.924+0000] {logging_mixin.py:137} WARNING - /home/***/.local/lib/python3.7/site-packages/sklearn/linear_model/_sag.py:354 ConvergenceWarning: The max_iter was reached which means the coef_ did not converge
[2023-05-04T22:50:23.152+0000] {logging_mixin.py:137} WARNING - /home/***/.local/lib/python3.7/site-packages/sklearn/linear_model/_sag.py:354 ConvergenceWarning: The max_iter was reached which means the coef_ did not converge
[2023-05-04T22:50:37.714+0000] {logging_mixin.py:137} WARNING - /home/***/.local/lib/python3.7/site-packages/sklearn/linear_model/_sag.py:354 ConvergenceWarning: The max_iter was reached which means the coef_ did not converge
[2023-05-04T22:50:56.031+0000] {logging_mixin.py:137} WARNING - /home/***/.local/lib/python3.7/site-packages/sklearn/linear_model/_sag.py:354 ConvergenceWarning: The max_iter was reached which means the coef_ did not converge
[2023-05-04T22:51:12.849+0000] {logging_mixin.py:137} WARNING - /home/***/.local/lib/python3.7/site-packages/sklearn/linear_model/_sag.py:354 ConvergenceWarning: The max_iter was reached which means the coef_ did not converge
[2023-05-04T22:51:27.898+0000] {logging_mixin.py:137} WARNING - /home/***/.local/lib/python3.7/site-packages/sklearn/linear_model/_sag.py:354 ConvergenceWarning: The max_iter was reached which means the coef_ did not converge
[2023-05-04T22:51:43.633+0000] {logging_mixin.py:137} WARNING - /home/***/.local/lib/python3.7/site-packages/sklearn/linear_model/_sag.py:354 ConvergenceWarning: The max_iter was reached which means the coef_ did not converge
[2023-05-04T22:52:06.363+0000] {logging_mixin.py:137} WARNING - /home/***/.local/lib/python3.7/site-packages/sklearn/linear_model/_sag.py:354 ConvergenceWarning: The max_iter was reached which means the coef_ did not converge
[2023-05-04T22:52:20.653+0000] {logging_mixin.py:137} WARNING - /home/***/.local/lib/python3.7/site-packages/sklearn/linear_model/_sag.py:354 ConvergenceWarning: The max_iter was reached which means the coef_ did not converge
[2023-05-04T22:52:35.151+0000] {logging_mixin.py:137} WARNING - /home/***/.local/lib/python3.7/site-packages/sklearn/linear_model/_sag.py:354 ConvergenceWarning: The max_iter was reached which means the coef_ did not converge
[2023-05-04T22:52:50.772+0000] {logging_mixin.py:137} WARNING - /home/***/.local/lib/python3.7/site-packages/sklearn/linear_model/_sag.py:354 ConvergenceWarning: The max_iter was reached which means the coef_ did not converge
[2023-05-04T22:53:05.877+0000] {logging_mixin.py:137} WARNING - /home/***/.local/lib/python3.7/site-packages/sklearn/linear_model/_sag.py:354 ConvergenceWarning: The max_iter was reached which means the coef_ did not converge
[2023-05-04T22:53:18.748+0000] {logging_mixin.py:137} WARNING - /home/***/.local/lib/python3.7/site-packages/sklearn/linear_model/_sag.py:354 ConvergenceWarning: The max_iter was reached which means the coef_ did not converge
[2023-05-04T22:53:31.996+0000] {logging_mixin.py:137} WARNING - /home/***/.local/lib/python3.7/site-packages/sklearn/linear_model/_sag.py:354 ConvergenceWarning: The max_iter was reached which means the coef_ did not converge
[2023-05-04T22:53:45.712+0000] {logging_mixin.py:137} WARNING - /home/***/.local/lib/python3.7/site-packages/sklearn/linear_model/_sag.py:354 ConvergenceWarning: The max_iter was reached which means the coef_ did not converge
[2023-05-04T22:53:59.295+0000] {logging_mixin.py:137} WARNING - /home/***/.local/lib/python3.7/site-packages/sklearn/linear_model/_sag.py:354 ConvergenceWarning: The max_iter was reached which means the coef_ did not converge
[2023-05-04T22:54:14.125+0000] {logging_mixin.py:137} WARNING - /home/***/.local/lib/python3.7/site-packages/sklearn/linear_model/_sag.py:354 ConvergenceWarning: The max_iter was reached which means the coef_ did not converge
[2023-05-04T22:54:38.669+0000] {logging_mixin.py:137} WARNING - /home/***/.local/lib/python3.7/site-packages/sklearn/linear_model/_sag.py:354 ConvergenceWarning: The max_iter was reached which means the coef_ did not converge
[2023-05-04T22:54:41.136+0000] {python.py:177} INFO - Done. Returned value was: None
[2023-05-04T22:54:41.150+0000] {taskinstance.py:1332} INFO - Marking task as SUCCESS. dag_id=ml_pipeline, task_id=feature_selection.feature_selecting, execution_date=20230504T224739, start_date=20230504T224916, end_date=20230504T225441
[2023-05-04T22:54:41.206+0000] {local_task_job.py:212} INFO - Task exited with return code 0
[2023-05-04T22:54:41.247+0000] {taskinstance.py:2596} INFO - 1 downstream tasks scheduled from follow-on schedule check
