[2023-05-04T23:03:59.841+0000] {taskinstance.py:1090} INFO - Dependencies all met for dep_context=non-requeueable deps ti=<TaskInstance: ml_pipeline.feature_selection.feature_selecting manual__2023-05-04T23:02:29.565022+00:00 [queued]>
[2023-05-04T23:03:59.858+0000] {taskinstance.py:1090} INFO - Dependencies all met for dep_context=requeueable deps ti=<TaskInstance: ml_pipeline.feature_selection.feature_selecting manual__2023-05-04T23:02:29.565022+00:00 [queued]>
[2023-05-04T23:03:59.859+0000] {taskinstance.py:1288} INFO - 
--------------------------------------------------------------------------------
[2023-05-04T23:03:59.959+0000] {taskinstance.py:1289} INFO - Starting attempt 1 of 1
[2023-05-04T23:03:59.959+0000] {taskinstance.py:1290} INFO - 
--------------------------------------------------------------------------------
[2023-05-04T23:03:59.998+0000] {taskinstance.py:1309} INFO - Executing <Task(PythonOperator): feature_selection.feature_selecting> on 2023-05-04 23:02:29.565022+00:00
[2023-05-04T23:04:00.014+0000] {standard_task_runner.py:55} INFO - Started process 24643 to run task
[2023-05-04T23:04:00.020+0000] {standard_task_runner.py:82} INFO - Running: ['***', 'tasks', 'run', 'ml_pipeline', 'feature_selection.feature_selecting', 'manual__2023-05-04T23:02:29.565022+00:00', '--job-id', '706', '--raw', '--subdir', 'DAGS_FOLDER/ml_pipeline.py', '--cfg-path', '/tmp/tmpsnczgee2']
[2023-05-04T23:04:00.023+0000] {standard_task_runner.py:83} INFO - Job 706: Subtask feature_selection.feature_selecting
[2023-05-04T23:04:00.236+0000] {task_command.py:389} INFO - Running <TaskInstance: ml_pipeline.feature_selection.feature_selecting manual__2023-05-04T23:02:29.565022+00:00 [running]> on host ab75f0ddb6b9
[2023-05-04T23:04:00.424+0000] {taskinstance.py:1518} INFO - Exporting the following env vars:
AIRFLOW_CTX_DAG_EMAIL=nomadicsenseis@gmail.com
AIRFLOW_CTX_DAG_OWNER=Diego Rivera
AIRFLOW_CTX_DAG_ID=ml_pipeline
AIRFLOW_CTX_TASK_ID=feature_selection.feature_selecting
AIRFLOW_CTX_EXECUTION_DATE=2023-05-04T23:02:29.565022+00:00
AIRFLOW_CTX_TRY_NUMBER=1
AIRFLOW_CTX_DAG_RUN_ID=manual__2023-05-04T23:02:29.565022+00:00
[2023-05-04T23:04:03.802+0000] {logging_mixin.py:137} WARNING - /home/***/.local/lib/python3.7/site-packages/sklearn/utils/validation.py:993 DataConversionWarning: A column-vector y was passed when a 1d array was expected. Please change the shape of y to (n_samples, ), for example using ravel().
[2023-05-04T23:04:15.702+0000] {logging_mixin.py:137} WARNING - /home/***/.local/lib/python3.7/site-packages/sklearn/linear_model/_sag.py:354 ConvergenceWarning: The max_iter was reached which means the coef_ did not converge
[2023-05-04T23:04:28.220+0000] {logging_mixin.py:137} WARNING - /home/***/.local/lib/python3.7/site-packages/sklearn/linear_model/_sag.py:354 ConvergenceWarning: The max_iter was reached which means the coef_ did not converge
[2023-05-04T23:04:41.313+0000] {logging_mixin.py:137} WARNING - /home/***/.local/lib/python3.7/site-packages/sklearn/linear_model/_sag.py:354 ConvergenceWarning: The max_iter was reached which means the coef_ did not converge
[2023-05-04T23:04:53.398+0000] {logging_mixin.py:137} WARNING - /home/***/.local/lib/python3.7/site-packages/sklearn/linear_model/_sag.py:354 ConvergenceWarning: The max_iter was reached which means the coef_ did not converge
[2023-05-04T23:05:05.985+0000] {logging_mixin.py:137} WARNING - /home/***/.local/lib/python3.7/site-packages/sklearn/linear_model/_sag.py:354 ConvergenceWarning: The max_iter was reached which means the coef_ did not converge
[2023-05-04T23:05:19.705+0000] {logging_mixin.py:137} WARNING - /home/***/.local/lib/python3.7/site-packages/sklearn/linear_model/_sag.py:354 ConvergenceWarning: The max_iter was reached which means the coef_ did not converge
[2023-05-04T23:05:36.135+0000] {logging_mixin.py:137} WARNING - /home/***/.local/lib/python3.7/site-packages/sklearn/linear_model/_sag.py:354 ConvergenceWarning: The max_iter was reached which means the coef_ did not converge
[2023-05-04T23:05:58.044+0000] {logging_mixin.py:137} WARNING - /home/***/.local/lib/python3.7/site-packages/sklearn/linear_model/_sag.py:354 ConvergenceWarning: The max_iter was reached which means the coef_ did not converge
[2023-05-04T23:06:14.498+0000] {logging_mixin.py:137} WARNING - /home/***/.local/lib/python3.7/site-packages/sklearn/linear_model/_sag.py:354 ConvergenceWarning: The max_iter was reached which means the coef_ did not converge
[2023-05-04T23:06:27.819+0000] {logging_mixin.py:137} WARNING - /home/***/.local/lib/python3.7/site-packages/sklearn/linear_model/_sag.py:354 ConvergenceWarning: The max_iter was reached which means the coef_ did not converge
[2023-05-04T23:06:43.533+0000] {logging_mixin.py:137} WARNING - /home/***/.local/lib/python3.7/site-packages/sklearn/linear_model/_sag.py:354 ConvergenceWarning: The max_iter was reached which means the coef_ did not converge
[2023-05-04T23:07:04.029+0000] {logging_mixin.py:137} WARNING - /home/***/.local/lib/python3.7/site-packages/sklearn/linear_model/_sag.py:354 ConvergenceWarning: The max_iter was reached which means the coef_ did not converge
[2023-05-04T23:07:20.114+0000] {logging_mixin.py:137} WARNING - /home/***/.local/lib/python3.7/site-packages/sklearn/linear_model/_sag.py:354 ConvergenceWarning: The max_iter was reached which means the coef_ did not converge
[2023-05-04T23:07:35.172+0000] {logging_mixin.py:137} WARNING - /home/***/.local/lib/python3.7/site-packages/sklearn/linear_model/_sag.py:354 ConvergenceWarning: The max_iter was reached which means the coef_ did not converge
[2023-05-04T23:07:48.029+0000] {logging_mixin.py:137} WARNING - /home/***/.local/lib/python3.7/site-packages/sklearn/linear_model/_sag.py:354 ConvergenceWarning: The max_iter was reached which means the coef_ did not converge
[2023-05-04T23:08:02.690+0000] {logging_mixin.py:137} WARNING - /home/***/.local/lib/python3.7/site-packages/sklearn/linear_model/_sag.py:354 ConvergenceWarning: The max_iter was reached which means the coef_ did not converge
[2023-05-04T23:08:15.336+0000] {logging_mixin.py:137} WARNING - /home/***/.local/lib/python3.7/site-packages/sklearn/linear_model/_sag.py:354 ConvergenceWarning: The max_iter was reached which means the coef_ did not converge
[2023-05-04T23:08:29.032+0000] {logging_mixin.py:137} WARNING - /home/***/.local/lib/python3.7/site-packages/sklearn/linear_model/_sag.py:354 ConvergenceWarning: The max_iter was reached which means the coef_ did not converge
[2023-05-04T23:08:42.520+0000] {logging_mixin.py:137} WARNING - /home/***/.local/lib/python3.7/site-packages/sklearn/linear_model/_sag.py:354 ConvergenceWarning: The max_iter was reached which means the coef_ did not converge
[2023-05-04T23:08:54.834+0000] {logging_mixin.py:137} WARNING - /home/***/.local/lib/python3.7/site-packages/sklearn/linear_model/_sag.py:354 ConvergenceWarning: The max_iter was reached which means the coef_ did not converge
[2023-05-04T23:09:16.624+0000] {logging_mixin.py:137} WARNING - /home/***/.local/lib/python3.7/site-packages/sklearn/linear_model/_sag.py:354 ConvergenceWarning: The max_iter was reached which means the coef_ did not converge
[2023-05-04T23:09:19.061+0000] {python.py:177} INFO - Done. Returned value was: None
[2023-05-04T23:09:19.077+0000] {taskinstance.py:1332} INFO - Marking task as SUCCESS. dag_id=ml_pipeline, task_id=feature_selection.feature_selecting, execution_date=20230504T230229, start_date=20230504T230359, end_date=20230504T230919
[2023-05-04T23:09:19.218+0000] {local_task_job.py:212} INFO - Task exited with return code 0
[2023-05-04T23:09:19.267+0000] {taskinstance.py:2596} INFO - 1 downstream tasks scheduled from follow-on schedule check
