[2023-05-04T23:28:34.997+0000] {taskinstance.py:1090} INFO - Dependencies all met for dep_context=non-requeueable deps ti=<TaskInstance: ml_pipeline.after_optuna.saving_results manual__2023-05-04T23:19:12.756362+00:00 [queued]>
[2023-05-04T23:28:35.012+0000] {taskinstance.py:1090} INFO - Dependencies all met for dep_context=requeueable deps ti=<TaskInstance: ml_pipeline.after_optuna.saving_results manual__2023-05-04T23:19:12.756362+00:00 [queued]>
[2023-05-04T23:28:35.013+0000] {taskinstance.py:1288} INFO - 
--------------------------------------------------------------------------------
[2023-05-04T23:28:35.014+0000] {taskinstance.py:1289} INFO - Starting attempt 1 of 1
[2023-05-04T23:28:35.015+0000] {taskinstance.py:1290} INFO - 
--------------------------------------------------------------------------------
[2023-05-04T23:28:35.038+0000] {taskinstance.py:1309} INFO - Executing <Task(PythonOperator): after_optuna.saving_results> on 2023-05-04 23:19:12.756362+00:00
[2023-05-04T23:28:35.046+0000] {standard_task_runner.py:55} INFO - Started process 25503 to run task
[2023-05-04T23:28:35.052+0000] {standard_task_runner.py:82} INFO - Running: ['***', 'tasks', 'run', 'ml_pipeline', 'after_optuna.saving_results', 'manual__2023-05-04T23:19:12.756362+00:00', '--job-id', '730', '--raw', '--subdir', 'DAGS_FOLDER/ml_pipeline.py', '--cfg-path', '/tmp/tmp8jgvlxr3']
[2023-05-04T23:28:35.057+0000] {standard_task_runner.py:83} INFO - Job 730: Subtask after_optuna.saving_results
[2023-05-04T23:28:35.146+0000] {task_command.py:389} INFO - Running <TaskInstance: ml_pipeline.after_optuna.saving_results manual__2023-05-04T23:19:12.756362+00:00 [running]> on host ab75f0ddb6b9
[2023-05-04T23:28:35.247+0000] {taskinstance.py:1518} INFO - Exporting the following env vars:
AIRFLOW_CTX_DAG_EMAIL=nomadicsenseis@gmail.com
AIRFLOW_CTX_DAG_OWNER=Diego Rivera
AIRFLOW_CTX_DAG_ID=ml_pipeline
AIRFLOW_CTX_TASK_ID=after_optuna.saving_results
AIRFLOW_CTX_EXECUTION_DATE=2023-05-04T23:19:12.756362+00:00
AIRFLOW_CTX_TRY_NUMBER=1
AIRFLOW_CTX_DAG_RUN_ID=manual__2023-05-04T23:19:12.756362+00:00
[2023-05-04T23:28:35.299+0000] {python.py:177} INFO - Done. Returned value was: None
[2023-05-04T23:28:35.313+0000] {taskinstance.py:1332} INFO - Marking task as SUCCESS. dag_id=ml_pipeline, task_id=after_optuna.saving_results, execution_date=20230504T231912, start_date=20230504T232834, end_date=20230504T232835
[2023-05-04T23:28:35.342+0000] {local_task_job.py:212} INFO - Task exited with return code 0
[2023-05-04T23:28:35.382+0000] {taskinstance.py:2596} INFO - 0 downstream tasks scheduled from follow-on schedule check
