[2023-05-05T00:00:58.291+0000] {taskinstance.py:1090} INFO - Dependencies all met for dep_context=non-requeueable deps ti=<TaskInstance: prediction_pipeline.selecting_features scheduled__2023-05-04T00:00:00+00:00 [queued]>
[2023-05-05T00:00:58.304+0000] {taskinstance.py:1090} INFO - Dependencies all met for dep_context=requeueable deps ti=<TaskInstance: prediction_pipeline.selecting_features scheduled__2023-05-04T00:00:00+00:00 [queued]>
[2023-05-05T00:00:58.305+0000] {taskinstance.py:1288} INFO - 
--------------------------------------------------------------------------------
[2023-05-05T00:00:58.336+0000] {taskinstance.py:1289} INFO - Starting attempt 1 of 1
[2023-05-05T00:00:58.336+0000] {taskinstance.py:1290} INFO - 
--------------------------------------------------------------------------------
[2023-05-05T00:00:58.359+0000] {taskinstance.py:1309} INFO - Executing <Task(PythonOperator): selecting_features> on 2023-05-04 00:00:00+00:00
[2023-05-05T00:00:58.365+0000] {standard_task_runner.py:55} INFO - Started process 26734 to run task
[2023-05-05T00:00:58.369+0000] {standard_task_runner.py:82} INFO - Running: ['***', 'tasks', 'run', 'prediction_pipeline', 'selecting_features', 'scheduled__2023-05-04T00:00:00+00:00', '--job-id', '736', '--raw', '--subdir', 'DAGS_FOLDER/prediction_pipeline.py', '--cfg-path', '/tmp/tmp5_5jimh_']
[2023-05-05T00:00:58.372+0000] {standard_task_runner.py:83} INFO - Job 736: Subtask selecting_features
[2023-05-05T00:00:58.455+0000] {task_command.py:389} INFO - Running <TaskInstance: prediction_pipeline.selecting_features scheduled__2023-05-04T00:00:00+00:00 [running]> on host ab75f0ddb6b9
[2023-05-05T00:00:58.692+0000] {taskinstance.py:1518} INFO - Exporting the following env vars:
AIRFLOW_CTX_DAG_EMAIL=nomadicsenseis@gmail.com
AIRFLOW_CTX_DAG_OWNER=Diego Rivera
AIRFLOW_CTX_DAG_ID=prediction_pipeline
AIRFLOW_CTX_TASK_ID=selecting_features
AIRFLOW_CTX_EXECUTION_DATE=2023-05-04T00:00:00+00:00
AIRFLOW_CTX_TRY_NUMBER=1
AIRFLOW_CTX_DAG_RUN_ID=scheduled__2023-05-04T00:00:00+00:00
[2023-05-05T00:01:00.906+0000] {python.py:177} INFO - Done. Returned value was: None
[2023-05-05T00:01:00.919+0000] {taskinstance.py:1332} INFO - Marking task as SUCCESS. dag_id=prediction_pipeline, task_id=selecting_features, execution_date=20230504T000000, start_date=20230505T000058, end_date=20230505T000100
[2023-05-05T00:01:00.951+0000] {local_task_job.py:212} INFO - Task exited with return code 0
[2023-05-05T00:01:00.990+0000] {taskinstance.py:2596} INFO - 1 downstream tasks scheduled from follow-on schedule check
